04-22-2021 @ 04:12:11 - ---[ New import started at 2021-04-22 04:12:11 ] PHP Memory: 512 MB, WP Memory: 40 MB
04-22-2021 @ 04:12:11 - Preparing for import.
04-22-2021 @ 04:12:11 - Row :1 - Parsing item.
04-22-2021 @ 04:12:11 - Row :1 - Processing item.
04-22-2021 @ 04:12:11 - Processing users.
04-22-2021 @ 04:12:12 - > &#8220;14&#8221;User imported successfully. ID:14
04-22-2021 @ 04:12:12 - > Finished importing user 14
04-22-2021 @ 04:12:12 - Row :1 - User imported successfully.
04-22-2021 @ 04:12:12 - Row :2 - Parsing item.
04-22-2021 @ 04:12:12 - Row :2 - Processing item.
04-22-2021 @ 04:12:12 - Processing users.
04-22-2021 @ 04:12:12 - > &#8220;15&#8221;User imported successfully. ID:15
04-22-2021 @ 04:12:12 - > Finished importing user 15
04-22-2021 @ 04:12:12 - Row :2 - User imported successfully.
04-22-2021 @ 04:12:12 - Row :3 - Parsing item.
04-22-2021 @ 04:12:12 - Row :3 - Processing item.
04-22-2021 @ 04:12:12 - Processing users.
04-22-2021 @ 04:12:12 - > &#8220;16&#8221;User imported successfully. ID:16
04-22-2021 @ 04:12:12 - > Finished importing user 16
04-22-2021 @ 04:12:12 - Row :3 - User imported successfully.
04-22-2021 @ 04:12:12 - Row :4 - Parsing item.
04-22-2021 @ 04:12:12 - Row :4 - Processing item.
04-22-2021 @ 04:12:12 - Processing users.
04-22-2021 @ 04:12:12 - > &#8220;17&#8221;User imported successfully. ID:17
04-22-2021 @ 04:12:12 - > Finished importing user 17
04-22-2021 @ 04:12:12 - Row :4 - User imported successfully.
04-22-2021 @ 04:12:12 - Row :5 - Parsing item.
04-22-2021 @ 04:12:12 - Row :5 - Processing item.
04-22-2021 @ 04:12:12 - Processing users.
04-22-2021 @ 04:12:12 - > &#8220;18&#8221;User imported successfully. ID:18
04-22-2021 @ 04:12:12 - > Finished importing user 18
04-22-2021 @ 04:12:12 - Row :5 - User imported successfully.
04-22-2021 @ 04:12:12 - Row :6 - Parsing item.
04-22-2021 @ 04:12:12 - Row :6 - Processing item.
04-22-2021 @ 04:12:12 - Processing users.
04-22-2021 @ 04:12:12 - > &#8220;19&#8221;User imported successfully. ID:19
04-22-2021 @ 04:12:12 - > Finished importing user 19
04-22-2021 @ 04:12:12 - Row :6 - User imported successfully.
04-22-2021 @ 04:12:12 - Row :7 - Parsing item.
04-22-2021 @ 04:12:12 - Row :7 - Processing item.
04-22-2021 @ 04:12:12 - Processing users.
04-22-2021 @ 04:12:13 - > &#8220;20&#8221;User imported successfully. ID:20
04-22-2021 @ 04:12:13 - > Finished importing user 20
04-22-2021 @ 04:12:13 - Row :7 - User imported successfully.
04-22-2021 @ 04:12:13 - Row :8 - Parsing item.
04-22-2021 @ 04:12:13 - Row :8 - Processing item.
04-22-2021 @ 04:12:13 - Processing users.
04-22-2021 @ 04:12:13 - > &#8220;21&#8221;User imported successfully. ID:21
04-22-2021 @ 04:12:13 - > Finished importing user 21
04-22-2021 @ 04:12:13 - Row :8 - User imported successfully.
04-22-2021 @ 04:12:13 - Row :9 - Parsing item.
04-22-2021 @ 04:12:13 - Row :9 - Processing item.
04-22-2021 @ 04:12:13 - Processing users.
04-22-2021 @ 04:12:13 - > &#8220;22&#8221;User imported successfully. ID:22
04-22-2021 @ 04:12:13 - > Finished importing user 22
04-22-2021 @ 04:12:13 - Row :9 - User imported successfully.
04-22-2021 @ 04:12:13 - Row :10 - Parsing item.
04-22-2021 @ 04:12:13 - Row :10 - Processing item.
04-22-2021 @ 04:12:13 - Processing users.
04-22-2021 @ 04:12:13 - > &#8220;23&#8221;User imported successfully. ID:23
04-22-2021 @ 04:12:13 - > Finished importing user 23
04-22-2021 @ 04:12:13 - Row :10 - User imported successfully.
04-22-2021 @ 04:12:13 - Row :11 - Parsing item.
04-22-2021 @ 04:12:13 - Row :11 - Processing item.
04-22-2021 @ 04:12:13 - Processing users.
04-22-2021 @ 04:12:13 - > &#8220;24&#8221;User imported successfully. ID:24
04-22-2021 @ 04:12:13 - > Finished importing user 24
04-22-2021 @ 04:12:13 - Row :11 - User imported successfully.
04-22-2021 @ 04:12:13 - Row :12 - Parsing item.
04-22-2021 @ 04:12:13 - Row :12 - Processing item.
04-22-2021 @ 04:12:13 - Processing users.
04-22-2021 @ 04:12:14 - > &#8220;25&#8221;User imported successfully. ID:25
04-22-2021 @ 04:12:14 - > Finished importing user 25
04-22-2021 @ 04:12:14 - Row :12 - User imported successfully.
04-22-2021 @ 04:12:14 - Row :13 - Parsing item.
04-22-2021 @ 04:12:14 - Row :13 - Processing item.
04-22-2021 @ 04:12:14 - Processing users.
04-22-2021 @ 04:12:14 - > &#8220;26&#8221;User imported successfully. ID:26
04-22-2021 @ 04:12:14 - > Finished importing user 26
04-22-2021 @ 04:12:14 - Row :13 - User imported successfully.
04-22-2021 @ 04:12:14 - Row :14 - Parsing item.
04-22-2021 @ 04:12:14 - Row :14 - Processing item.
04-22-2021 @ 04:12:14 - Processing users.
04-22-2021 @ 04:12:14 - > &#8220;27&#8221;User imported successfully. ID:27
04-22-2021 @ 04:12:14 - > Finished importing user 27
04-22-2021 @ 04:12:14 - Row :14 - User imported successfully.
04-22-2021 @ 04:12:14 - Row :15 - Parsing item.
04-22-2021 @ 04:12:14 - Row :15 - Processing item.
04-22-2021 @ 04:12:14 - Processing users.
04-22-2021 @ 04:12:14 - > &#8220;28&#8221;User imported successfully. ID:28
04-22-2021 @ 04:12:14 - > Finished importing user 28
04-22-2021 @ 04:12:14 - Row :15 - User imported successfully.
04-22-2021 @ 04:12:14 - Row :16 - Parsing item.
04-22-2021 @ 04:12:14 - Row :16 - Processing item.
04-22-2021 @ 04:12:14 - Processing users.
04-22-2021 @ 04:12:14 - > &#8220;29&#8221;User imported successfully. ID:29
04-22-2021 @ 04:12:14 - > Finished importing user 29
04-22-2021 @ 04:12:14 - Row :16 - User imported successfully.
04-22-2021 @ 04:12:14 - Row :17 - Parsing item.
04-22-2021 @ 04:12:14 - Row :17 - Processing item.
04-22-2021 @ 04:12:14 - Processing users.
04-22-2021 @ 04:12:15 - > &#8220;30&#8221;User imported successfully. ID:30
04-22-2021 @ 04:12:15 - > Finished importing user 30
04-22-2021 @ 04:12:15 - Row :17 - User imported successfully.
04-22-2021 @ 04:12:15 - Row :18 - Parsing item.
04-22-2021 @ 04:12:15 - Row :18 - Processing item.
04-22-2021 @ 04:12:15 - Processing users.
04-22-2021 @ 04:12:15 - > &#8220;31&#8221;User imported successfully. ID:31
04-22-2021 @ 04:12:15 - > Finished importing user 31
04-22-2021 @ 04:12:15 - Row :18 - User imported successfully.
04-22-2021 @ 04:12:15 - Row :19 - Parsing item.
04-22-2021 @ 04:12:15 - Row :19 - Processing item.
04-22-2021 @ 04:12:15 - Processing users.
04-22-2021 @ 04:12:15 - > &#8220;32&#8221;User imported successfully. ID:32
04-22-2021 @ 04:12:15 - > Finished importing user 32
04-22-2021 @ 04:12:15 - Row :19 - User imported successfully.
04-22-2021 @ 04:12:15 - Row :20 - Parsing item.
04-22-2021 @ 04:12:15 - Row :20 - Processing item.
04-22-2021 @ 04:12:15 - Processing users.
04-22-2021 @ 04:12:15 - > &#8220;33&#8221;User imported successfully. ID:33
04-22-2021 @ 04:12:15 - > Finished importing user 33
04-22-2021 @ 04:12:15 - Row :20 - User imported successfully.
04-22-2021 @ 04:12:15 - Row :21 - Parsing item.
04-22-2021 @ 04:12:15 - Row :21 - Processing item.
04-22-2021 @ 04:12:15 - Processing users.
04-22-2021 @ 04:12:15 - > &#8220;34&#8221;User imported successfully. ID:34
04-22-2021 @ 04:12:15 - > Finished importing user 34
04-22-2021 @ 04:12:15 - Row :21 - User imported successfully.
04-22-2021 @ 04:12:15 - Row :22 - Parsing item.
04-22-2021 @ 04:12:15 - Row :22 - Processing item.
04-22-2021 @ 04:12:15 - Processing users.
04-22-2021 @ 04:12:16 - > &#8220;35&#8221;User imported successfully. ID:35
04-22-2021 @ 04:12:16 - > Finished importing user 35
04-22-2021 @ 04:12:16 - Row :22 - User imported successfully.
04-22-2021 @ 04:12:16 - Row :23 - Parsing item.
04-22-2021 @ 04:12:16 - Row :23 - Processing item.
04-22-2021 @ 04:12:16 - Processing users.
04-22-2021 @ 04:12:16 - > &#8220;36&#8221;User imported successfully. ID:36
04-22-2021 @ 04:12:16 - > Finished importing user 36
04-22-2021 @ 04:12:16 - Row :23 - User imported successfully.
04-22-2021 @ 04:12:16 - Row :24 - Parsing item.
04-22-2021 @ 04:12:16 - Row :24 - Processing item.
04-22-2021 @ 04:12:16 - Processing users.
04-22-2021 @ 04:12:16 - > &#8220;37&#8221;User imported successfully. ID:37
04-22-2021 @ 04:12:16 - > Finished importing user 37
04-22-2021 @ 04:12:16 - Row :24 - User imported successfully.
04-22-2021 @ 04:12:16 - Row :25 - Parsing item.
04-22-2021 @ 04:12:16 - Row :25 - Processing item.
04-22-2021 @ 04:12:16 - Processing users.
04-22-2021 @ 04:12:16 - > &#8220;38&#8221;User imported successfully. ID:38
04-22-2021 @ 04:12:16 - > Finished importing user 38
04-22-2021 @ 04:12:16 - Row :25 - User imported successfully.
04-22-2021 @ 04:12:16 - Row :26 - Parsing item.
04-22-2021 @ 04:12:16 - Row :26 - Processing item.
04-22-2021 @ 04:12:16 - Processing users.
04-22-2021 @ 04:12:17 - > &#8220;39&#8221;User imported successfully. ID:39
04-22-2021 @ 04:12:17 - > Finished importing user 39
04-22-2021 @ 04:12:17 - Row :26 - User imported successfully.
04-22-2021 @ 04:12:17 - Row :27 - Parsing item.
04-22-2021 @ 04:12:17 - Row :27 - Processing item.
04-22-2021 @ 04:12:17 - Processing users.
04-22-2021 @ 04:12:17 - > &#8220;40&#8221;User imported successfully. ID:40
04-22-2021 @ 04:12:17 - > Finished importing user 40
04-22-2021 @ 04:12:17 - Row :27 - User imported successfully.
04-22-2021 @ 04:12:17 - Row :28 - Parsing item.
04-22-2021 @ 04:12:17 - Row :28 - Processing item.
04-22-2021 @ 04:12:17 - Processing users.
04-22-2021 @ 04:12:17 - > &#8220;41&#8221;User imported successfully. ID:41
04-22-2021 @ 04:12:17 - > Finished importing user 41
04-22-2021 @ 04:12:17 - Row :28 - User imported successfully.
04-22-2021 @ 04:12:17 - Row :29 - Parsing item.
04-22-2021 @ 04:12:17 - Row :29 - Processing item.
04-22-2021 @ 04:12:17 - Processing users.
04-22-2021 @ 04:12:17 - > &#8220;42&#8221;User imported successfully. ID:42
04-22-2021 @ 04:12:17 - > Finished importing user 42
04-22-2021 @ 04:12:17 - Row :29 - User imported successfully.
04-22-2021 @ 04:12:17 - Row :30 - Parsing item.
04-22-2021 @ 04:12:17 - Row :30 - Processing item.
04-22-2021 @ 04:12:17 - Processing users.
04-22-2021 @ 04:12:17 - > &#8220;43&#8221;User imported successfully. ID:43
04-22-2021 @ 04:12:17 - > Finished importing user 43
04-22-2021 @ 04:12:17 - Row :30 - User imported successfully.
04-22-2021 @ 04:12:17 - Row :31 - Parsing item.
04-22-2021 @ 04:12:17 - Row :31 - Processing item.
04-22-2021 @ 04:12:17 - Processing users.
04-22-2021 @ 04:12:18 - > &#8220;44&#8221;User imported successfully. ID:44
04-22-2021 @ 04:12:18 - > Finished importing user 44
04-22-2021 @ 04:12:18 - Row :31 - User imported successfully.
04-22-2021 @ 04:12:18 - Row :32 - Parsing item.
04-22-2021 @ 04:12:18 - Row :32 - Processing item.
04-22-2021 @ 04:12:18 - Processing users.
04-22-2021 @ 04:12:18 - > &#8220;45&#8221;User imported successfully. ID:45
04-22-2021 @ 04:12:18 - > Finished importing user 45
04-22-2021 @ 04:12:18 - Row :32 - User imported successfully.
04-22-2021 @ 04:12:18 - Row :33 - Parsing item.
04-22-2021 @ 04:12:18 - Row :33 - Processing item.
04-22-2021 @ 04:12:18 - Processing users.
04-22-2021 @ 04:12:18 - > &#8220;46&#8221;User imported successfully. ID:46
04-22-2021 @ 04:12:18 - > Finished importing user 46
04-22-2021 @ 04:12:18 - Row :33 - User imported successfully.
04-22-2021 @ 04:12:18 - Row :34 - Parsing item.
04-22-2021 @ 04:12:18 - Row :34 - Processing item.
04-22-2021 @ 04:12:18 - Processing users.
04-22-2021 @ 04:12:18 - > &#8220;47&#8221;User imported successfully. ID:47
04-22-2021 @ 04:12:18 - > Finished importing user 47
04-22-2021 @ 04:12:18 - Row :34 - User imported successfully.
04-22-2021 @ 04:12:18 - Row :35 - Parsing item.
04-22-2021 @ 04:12:18 - Row :35 - Processing item.
04-22-2021 @ 04:12:18 - Processing users.
04-22-2021 @ 04:12:18 - > &#8220;48&#8221;User imported successfully. ID:48
04-22-2021 @ 04:12:18 - > Finished importing user 48
04-22-2021 @ 04:12:18 - Row :35 - User imported successfully.
04-22-2021 @ 04:12:18 - Row :36 - Parsing item.
04-22-2021 @ 04:12:18 - Row :36 - Processing item.
04-22-2021 @ 04:12:18 - Processing users.
04-22-2021 @ 04:12:19 - > &#8220;49&#8221;User imported successfully. ID:49
04-22-2021 @ 04:12:19 - > Finished importing user 49
04-22-2021 @ 04:12:19 - Row :36 - User imported successfully.
04-22-2021 @ 04:12:19 - Row :37 - Parsing item.
04-22-2021 @ 04:12:19 - Row :37 - Processing item.
04-22-2021 @ 04:12:19 - Processing users.
04-22-2021 @ 04:12:19 - > &#8220;50&#8221;User imported successfully. ID:50
04-22-2021 @ 04:12:19 - > Finished importing user 50
04-22-2021 @ 04:12:19 - Row :37 - User imported successfully.
04-22-2021 @ 04:12:19 - Row :38 - Parsing item.
04-22-2021 @ 04:12:19 - Row :38 - Processing item.
04-22-2021 @ 04:12:19 - Processing users.
04-22-2021 @ 04:12:19 - > &#8220;51&#8221;User imported successfully. ID:51
04-22-2021 @ 04:12:19 - > Finished importing user 51
04-22-2021 @ 04:12:19 - Row :38 - User imported successfully.
04-22-2021 @ 04:12:19 - Row :39 - Parsing item.
04-22-2021 @ 04:12:19 - Row :39 - Processing item.
04-22-2021 @ 04:12:19 - Processing users.
04-22-2021 @ 04:12:19 - > &#8220;52&#8221;User imported successfully. ID:52
04-22-2021 @ 04:12:19 - > Finished importing user 52
04-22-2021 @ 04:12:19 - Row :39 - User imported successfully.
04-22-2021 @ 04:12:19 - Row :40 - Parsing item.
04-22-2021 @ 04:12:19 - Row :40 - Processing item.
04-22-2021 @ 04:12:19 - Processing users.
04-22-2021 @ 04:12:19 - > &#8220;53&#8221;User imported successfully. ID:53
04-22-2021 @ 04:12:19 - > Finished importing user 53
04-22-2021 @ 04:12:19 - Row :40 - User imported successfully.
04-22-2021 @ 04:12:19 - Row :41 - Parsing item.
04-22-2021 @ 04:12:19 - Row :41 - Processing item.
04-22-2021 @ 04:12:19 - Processing users.
04-22-2021 @ 04:12:20 - > &#8220;54&#8221;User imported successfully. ID:54
04-22-2021 @ 04:12:20 - > Finished importing user 54
04-22-2021 @ 04:12:20 - Row :41 - User imported successfully.
04-22-2021 @ 04:12:20 - Row :42 - Parsing item.
04-22-2021 @ 04:12:20 - Row :42 - Processing item.
04-22-2021 @ 04:12:20 - Processing users.
04-22-2021 @ 04:12:20 - > &#8220;55&#8221;User imported successfully. ID:55
04-22-2021 @ 04:12:20 - > Finished importing user 55
04-22-2021 @ 04:12:20 - Row :42 - User imported successfully.
04-22-2021 @ 04:12:20 - Row :43 - Parsing item.
04-22-2021 @ 04:12:20 - Row :43 - Processing item.
04-22-2021 @ 04:12:20 - Processing users.
04-22-2021 @ 04:12:20 - > &#8220;56&#8221;User imported successfully. ID:56
04-22-2021 @ 04:12:20 - > Finished importing user 56
04-22-2021 @ 04:12:20 - Row :43 - User imported successfully.
04-22-2021 @ 04:12:20 - Row :44 - Parsing item.
04-22-2021 @ 04:12:20 - Row :44 - Processing item.
04-22-2021 @ 04:12:20 - Processing users.
04-22-2021 @ 04:12:20 - > &#8220;57&#8221;User imported successfully. ID:57
04-22-2021 @ 04:12:20 - > Finished importing user 57
04-22-2021 @ 04:12:20 - Row :44 - User imported successfully.
04-22-2021 @ 04:12:20 - Row :45 - Parsing item.
04-22-2021 @ 04:12:20 - Row :45 - Processing item.
04-22-2021 @ 04:12:20 - Processing users.
04-22-2021 @ 04:12:20 - > &#8220;58&#8221;User imported successfully. ID:58
04-22-2021 @ 04:12:20 - > Finished importing user 58
04-22-2021 @ 04:12:20 - Row :45 - User imported successfully.
04-22-2021 @ 04:12:20 - Row :46 - Parsing item.
04-22-2021 @ 04:12:20 - Row :46 - Processing item.
04-22-2021 @ 04:12:20 - Processing users.
04-22-2021 @ 04:12:21 - > &#8220;59&#8221;User imported successfully. ID:59
04-22-2021 @ 04:12:21 - > Finished importing user 59
04-22-2021 @ 04:12:21 - Row :46 - User imported successfully.
04-22-2021 @ 04:12:21 - Row :47 - Parsing item.
04-22-2021 @ 04:12:21 - Row :47 - Processing item.
04-22-2021 @ 04:12:21 - Processing users.
04-22-2021 @ 04:12:21 - > &#8220;60&#8221;User imported successfully. ID:60
04-22-2021 @ 04:12:21 - > Finished importing user 60
04-22-2021 @ 04:12:21 - Row :47 - User imported successfully.
04-22-2021 @ 04:12:21 - Row :48 - Parsing item.
04-22-2021 @ 04:12:21 - Row :48 - Processing item.
04-22-2021 @ 04:12:21 - Processing users.
04-22-2021 @ 04:12:21 - > &#8220;61&#8221;User imported successfully. ID:61
04-22-2021 @ 04:12:21 - > Finished importing user 61
04-22-2021 @ 04:12:21 - Row :48 - User imported successfully.
04-22-2021 @ 04:12:21 - Row :49 - Parsing item.
04-22-2021 @ 04:12:21 - Row :49 - Processing item.
04-22-2021 @ 04:12:21 - Processing users.
04-22-2021 @ 04:12:21 - > &#8220;62&#8221;User imported successfully. ID:62
04-22-2021 @ 04:12:21 - > Finished importing user 62
04-22-2021 @ 04:12:21 - Row :49 - User imported successfully.
04-22-2021 @ 04:12:21 - Row :50 - Parsing item.
04-22-2021 @ 04:12:21 - Row :50 - Processing item.
04-22-2021 @ 04:12:21 - Processing users.
04-22-2021 @ 04:12:21 - > &#8220;63&#8221;User imported successfully. ID:63
04-22-2021 @ 04:12:21 - > Finished importing user 63
04-22-2021 @ 04:12:21 - Row :50 - User imported successfully.
04-22-2021 @ 04:12:21 - Row :51 - Parsing item.
04-22-2021 @ 04:12:21 - Row :51 - Processing item.
04-22-2021 @ 04:12:21 - Processing users.
04-22-2021 @ 04:12:22 - > &#8220;64&#8221;User imported successfully. ID:64
04-22-2021 @ 04:12:22 - > Finished importing user 64
04-22-2021 @ 04:12:22 - Row :51 - User imported successfully.
04-22-2021 @ 04:12:22 - Row :52 - Parsing item.
04-22-2021 @ 04:12:22 - Row :52 - Processing item.
04-22-2021 @ 04:12:22 - Processing users.
04-22-2021 @ 04:12:22 - > &#8220;65&#8221;User imported successfully. ID:65
04-22-2021 @ 04:12:22 - > Finished importing user 65
04-22-2021 @ 04:12:22 - Row :52 - User imported successfully.
04-22-2021 @ 04:12:22 - Row :53 - Parsing item.
04-22-2021 @ 04:12:22 - Row :53 - Processing item.
04-22-2021 @ 04:12:22 - Processing users.
04-22-2021 @ 04:12:22 - > &#8220;66&#8221;User imported successfully. ID:66
04-22-2021 @ 04:12:22 - > Finished importing user 66
04-22-2021 @ 04:12:22 - Row :53 - User imported successfully.
04-22-2021 @ 04:12:22 - Row :54 - Parsing item.
04-22-2021 @ 04:12:22 - Row :54 - Processing item.
04-22-2021 @ 04:12:22 - Processing users.
04-22-2021 @ 04:12:22 - > &#8220;67&#8221;User imported successfully. ID:67
04-22-2021 @ 04:12:22 - > Finished importing user 67
04-22-2021 @ 04:12:22 - Row :54 - User imported successfully.
04-22-2021 @ 04:12:22 - Row :55 - Parsing item.
04-22-2021 @ 04:12:22 - Row :55 - Processing item.
04-22-2021 @ 04:12:22 - Processing users.
04-22-2021 @ 04:12:22 - > &#8220;68&#8221;User imported successfully. ID:68
04-22-2021 @ 04:12:22 - > Finished importing user 68
04-22-2021 @ 04:12:22 - Row :55 - User imported successfully.
04-22-2021 @ 04:12:22 - Row :56 - Parsing item.
04-22-2021 @ 04:12:22 - Row :56 - Processing item.
04-22-2021 @ 04:12:22 - Processing users.
04-22-2021 @ 04:12:23 - > &#8220;69&#8221;User imported successfully. ID:69
04-22-2021 @ 04:12:23 - > Finished importing user 69
04-22-2021 @ 04:12:23 - Row :56 - User imported successfully.
04-22-2021 @ 04:12:23 - Row :57 - Parsing item.
04-22-2021 @ 04:12:23 - Row :57 - Processing item.
04-22-2021 @ 04:12:23 - Processing users.
04-22-2021 @ 04:12:23 - > &#8220;70&#8221;User imported successfully. ID:70
04-22-2021 @ 04:12:23 - > Finished importing user 70
04-22-2021 @ 04:12:23 - Row :57 - User imported successfully.
04-22-2021 @ 04:12:23 - Row :58 - Parsing item.
04-22-2021 @ 04:12:23 - Row :58 - Processing item.
04-22-2021 @ 04:12:23 - Processing users.
04-22-2021 @ 04:12:23 - > &#8220;71&#8221;User imported successfully. ID:71
04-22-2021 @ 04:12:23 - > Finished importing user 71
04-22-2021 @ 04:12:23 - Row :58 - User imported successfully.
04-22-2021 @ 04:12:23 - Row :59 - Parsing item.
04-22-2021 @ 04:12:23 - Row :59 - Processing item.
04-22-2021 @ 04:12:23 - Processing users.
04-22-2021 @ 04:12:23 - > &#8220;72&#8221;User imported successfully. ID:72
04-22-2021 @ 04:12:23 - > Finished importing user 72
04-22-2021 @ 04:12:23 - Row :59 - User imported successfully.
04-22-2021 @ 04:12:23 - Row :60 - Parsing item.
04-22-2021 @ 04:12:23 - Row :60 - Processing item.
04-22-2021 @ 04:12:23 - Processing users.
04-22-2021 @ 04:12:23 - > &#8220;73&#8221;User imported successfully. ID:73
04-22-2021 @ 04:12:23 - > Finished importing user 73
04-22-2021 @ 04:12:23 - Row :60 - User imported successfully.
04-22-2021 @ 04:12:23 - Row :61 - Parsing item.
04-22-2021 @ 04:12:23 - Row :61 - Processing item.
04-22-2021 @ 04:12:23 - Processing users.
04-22-2021 @ 04:12:23 - > &#8220;74&#8221;User imported successfully. ID:74
04-22-2021 @ 04:12:23 - > Finished importing user 74
04-22-2021 @ 04:12:23 - Row :61 - User imported successfully.
04-22-2021 @ 04:12:23 - Row :62 - Parsing item.
04-22-2021 @ 04:12:23 - Row :62 - Processing item.
04-22-2021 @ 04:12:23 - Processing users.
04-22-2021 @ 04:12:24 - > &#8220;75&#8221;User imported successfully. ID:75
04-22-2021 @ 04:12:24 - > Finished importing user 75
04-22-2021 @ 04:12:24 - Row :62 - User imported successfully.
04-22-2021 @ 04:12:24 - Row :63 - Parsing item.
04-22-2021 @ 04:12:24 - Row :63 - Processing item.
04-22-2021 @ 04:12:24 - Processing users.
04-22-2021 @ 04:12:24 - > &#8220;76&#8221;User imported successfully. ID:76
04-22-2021 @ 04:12:24 - > Finished importing user 76
04-22-2021 @ 04:12:24 - Row :63 - User imported successfully.
04-22-2021 @ 04:12:24 - Row :64 - Parsing item.
04-22-2021 @ 04:12:24 - Row :64 - Processing item.
04-22-2021 @ 04:12:24 - Processing users.
04-22-2021 @ 04:12:24 - > &#8220;77&#8221;User imported successfully. ID:77
04-22-2021 @ 04:12:24 - > Finished importing user 77
04-22-2021 @ 04:12:24 - Row :64 - User imported successfully.
04-22-2021 @ 04:12:24 - Row :65 - Parsing item.
04-22-2021 @ 04:12:24 - Row :65 - Processing item.
04-22-2021 @ 04:12:24 - Processing users.
04-22-2021 @ 04:12:24 - > &#8220;78&#8221;User imported successfully. ID:78
04-22-2021 @ 04:12:24 - > Finished importing user 78
04-22-2021 @ 04:12:24 - Row :65 - User imported successfully.
04-22-2021 @ 04:12:24 - Row :66 - Parsing item.
04-22-2021 @ 04:12:24 - Row :66 - Processing item.
04-22-2021 @ 04:12:24 - Processing users.
04-22-2021 @ 04:12:25 - > &#8220;79&#8221;User imported successfully. ID:79
04-22-2021 @ 04:12:25 - > Finished importing user 79
04-22-2021 @ 04:12:25 - Row :66 - User imported successfully.
04-22-2021 @ 04:12:25 - Row :67 - Parsing item.
04-22-2021 @ 04:12:25 - Row :67 - Processing item.
04-22-2021 @ 04:12:25 - Processing users.
04-22-2021 @ 04:12:25 - > &#8220;80&#8221;User imported successfully. ID:80
04-22-2021 @ 04:12:25 - > Finished importing user 80
04-22-2021 @ 04:12:25 - Row :67 - User imported successfully.
04-22-2021 @ 04:12:25 - Row :68 - Parsing item.
04-22-2021 @ 04:12:25 - Row :68 - Processing item.
04-22-2021 @ 04:12:25 - Processing users.
04-22-2021 @ 04:12:25 - > &#8220;81&#8221;User imported successfully. ID:81
04-22-2021 @ 04:12:25 - > Finished importing user 81
04-22-2021 @ 04:12:25 - Row :68 - User imported successfully.
04-22-2021 @ 04:12:25 - Row :69 - Parsing item.
04-22-2021 @ 04:12:25 - Row :69 - Processing item.
04-22-2021 @ 04:12:25 - Processing users.
04-22-2021 @ 04:12:25 - > &#8220;82&#8221;User imported successfully. ID:82
04-22-2021 @ 04:12:25 - > Finished importing user 82
04-22-2021 @ 04:12:25 - Row :69 - User imported successfully.
04-22-2021 @ 04:12:25 - Row :70 - Parsing item.
04-22-2021 @ 04:12:25 - Row :70 - Processing item.
04-22-2021 @ 04:12:25 - Processing users.
04-22-2021 @ 04:12:25 - > &#8220;83&#8221;User imported successfully. ID:83
04-22-2021 @ 04:12:25 - > Finished importing user 83
04-22-2021 @ 04:12:25 - Row :70 - User imported successfully.
04-22-2021 @ 04:12:25 - Row :71 - Parsing item.
04-22-2021 @ 04:12:25 - Row :71 - Processing item.
04-22-2021 @ 04:12:25 - Processing users.
04-22-2021 @ 04:12:26 - > &#8220;84&#8221;User imported successfully. ID:84
04-22-2021 @ 04:12:26 - > Finished importing user 84
04-22-2021 @ 04:12:26 - Row :71 - User imported successfully.
04-22-2021 @ 04:12:26 - Row :72 - Parsing item.
04-22-2021 @ 04:12:26 - Row :72 - Processing item.
04-22-2021 @ 04:12:26 - Processing users.
04-22-2021 @ 04:12:26 - > &#8220;85&#8221;User imported successfully. ID:85
04-22-2021 @ 04:12:26 - > Finished importing user 85
04-22-2021 @ 04:12:26 - Row :72 - User imported successfully.
04-22-2021 @ 04:12:26 - Row :73 - Parsing item.
04-22-2021 @ 04:12:26 - Row :73 - Processing item.
04-22-2021 @ 04:12:26 - Processing users.
04-22-2021 @ 04:12:26 - > &#8220;86&#8221;User imported successfully. ID:86
04-22-2021 @ 04:12:26 - > Finished importing user 86
04-22-2021 @ 04:12:26 - Row :73 - User imported successfully.
04-22-2021 @ 04:12:26 - Row :74 - Parsing item.
04-22-2021 @ 04:12:26 - Row :74 - Processing item.
04-22-2021 @ 04:12:26 - Processing users.
04-22-2021 @ 04:12:26 - > &#8220;87&#8221;User imported successfully. ID:87
04-22-2021 @ 04:12:26 - > Finished importing user 87
04-22-2021 @ 04:12:26 - Row :74 - User imported successfully.
04-22-2021 @ 04:12:26 - Row :75 - Parsing item.
04-22-2021 @ 04:12:26 - Row :75 - Processing item.
04-22-2021 @ 04:12:26 - Processing users.
04-22-2021 @ 04:12:26 - > &#8220;88&#8221;User imported successfully. ID:88
04-22-2021 @ 04:12:26 - > Finished importing user 88
04-22-2021 @ 04:12:26 - Row :75 - User imported successfully.
04-22-2021 @ 04:12:26 - Row :76 - Parsing item.
04-22-2021 @ 04:12:26 - Row :76 - Processing item.
04-22-2021 @ 04:12:26 - Processing users.
04-22-2021 @ 04:12:27 - > &#8220;89&#8221;User imported successfully. ID:89
04-22-2021 @ 04:12:27 - > Finished importing user 89
04-22-2021 @ 04:12:27 - Row :76 - User imported successfully.
04-22-2021 @ 04:12:27 - Row :77 - Parsing item.
04-22-2021 @ 04:12:27 - Row :77 - Processing item.
04-22-2021 @ 04:12:27 - Processing users.
04-22-2021 @ 04:12:27 - > &#8220;90&#8221;User imported successfully. ID:90
04-22-2021 @ 04:12:27 - > Finished importing user 90
04-22-2021 @ 04:12:27 - Row :77 - User imported successfully.
04-22-2021 @ 04:12:27 - Row :78 - Parsing item.
04-22-2021 @ 04:12:27 - Row :78 - Processing item.
04-22-2021 @ 04:12:27 - Processing users.
04-22-2021 @ 04:12:27 - > &#8220;91&#8221;User imported successfully. ID:91
04-22-2021 @ 04:12:27 - > Finished importing user 91
04-22-2021 @ 04:12:27 - Row :78 - User imported successfully.
04-22-2021 @ 04:12:27 - Row :79 - Parsing item.
04-22-2021 @ 04:12:27 - Row :79 - Processing item.
04-22-2021 @ 04:12:27 - Processing users.
04-22-2021 @ 04:12:27 - > &#8220;92&#8221;User imported successfully. ID:92
04-22-2021 @ 04:12:27 - > Finished importing user 92
04-22-2021 @ 04:12:27 - Row :79 - User imported successfully.
04-22-2021 @ 04:12:27 - Row :80 - Parsing item.
04-22-2021 @ 04:12:27 - Row :80 - Processing item.
04-22-2021 @ 04:12:27 - Processing users.
04-22-2021 @ 04:12:28 - > &#8220;93&#8221;User imported successfully. ID:93
04-22-2021 @ 04:12:28 - > Finished importing user 93
04-22-2021 @ 04:12:28 - Row :80 - User imported successfully.
04-22-2021 @ 04:12:28 - Row :81 - Parsing item.
04-22-2021 @ 04:12:28 - Row :81 - Processing item.
04-22-2021 @ 04:12:28 - Processing users.
04-22-2021 @ 04:12:28 - > &#8220;94&#8221;User imported successfully. ID:94
04-22-2021 @ 04:12:28 - > Finished importing user 94
04-22-2021 @ 04:12:28 - Row :81 - User imported successfully.
04-22-2021 @ 04:12:28 - Row :82 - Parsing item.
04-22-2021 @ 04:12:28 - Row :82 - Processing item.
04-22-2021 @ 04:12:28 - Processing users.
04-22-2021 @ 04:12:28 - > &#8220;95&#8221;User imported successfully. ID:95
04-22-2021 @ 04:12:28 - > Finished importing user 95
04-22-2021 @ 04:12:28 - Row :82 - User imported successfully.
04-22-2021 @ 04:12:28 - Row :83 - Parsing item.
04-22-2021 @ 04:12:28 - Row :83 - Processing item.
04-22-2021 @ 04:12:28 - Processing users.
04-22-2021 @ 04:12:28 - > &#8220;96&#8221;User imported successfully. ID:96
04-22-2021 @ 04:12:28 - > Finished importing user 96
04-22-2021 @ 04:12:28 - Row :83 - User imported successfully.
04-22-2021 @ 04:12:28 - Row :84 - Parsing item.
04-22-2021 @ 04:12:28 - Row :84 - Processing item.
04-22-2021 @ 04:12:28 - Processing users.
04-22-2021 @ 04:12:28 - > &#8220;97&#8221;User imported successfully. ID:97
04-22-2021 @ 04:12:28 - > Finished importing user 97
04-22-2021 @ 04:12:28 - Row :84 - User imported successfully.
04-22-2021 @ 04:12:28 - Row :85 - Parsing item.
04-22-2021 @ 04:12:28 - Row :85 - Processing item.
04-22-2021 @ 04:12:28 - Processing users.
04-22-2021 @ 04:12:28 - > &#8220;98&#8221;User imported successfully. ID:98
04-22-2021 @ 04:12:28 - > Finished importing user 98
04-22-2021 @ 04:12:28 - Row :85 - User imported successfully.
04-22-2021 @ 04:12:28 - Row :86 - Parsing item.
04-22-2021 @ 04:12:28 - Row :86 - Processing item.
04-22-2021 @ 04:12:28 - Processing users.
04-22-2021 @ 04:12:29 - > &#8220;99&#8221;User imported successfully. ID:99
04-22-2021 @ 04:12:29 - > Finished importing user 99
04-22-2021 @ 04:12:29 - Row :86 - User imported successfully.
04-22-2021 @ 04:12:29 - Row :87 - Parsing item.
04-22-2021 @ 04:12:29 - Row :87 - Processing item.
04-22-2021 @ 04:12:29 - Processing users.
04-22-2021 @ 04:12:29 - > &#8220;100&#8221;User imported successfully. ID:100
04-22-2021 @ 04:12:29 - > Finished importing user 100
04-22-2021 @ 04:12:29 - Row :87 - User imported successfully.
04-22-2021 @ 04:12:29 - Row :88 - Parsing item.
04-22-2021 @ 04:12:29 - Row :88 - Processing item.
04-22-2021 @ 04:12:29 - Processing users.
04-22-2021 @ 04:12:29 - > &#8220;101&#8221;User imported successfully. ID:101
04-22-2021 @ 04:12:29 - > Finished importing user 101
04-22-2021 @ 04:12:29 - Row :88 - User imported successfully.
04-22-2021 @ 04:12:29 - Row :89 - Parsing item.
04-22-2021 @ 04:12:29 - Row :89 - Processing item.
04-22-2021 @ 04:12:29 - Processing users.
04-22-2021 @ 04:12:29 - > &#8220;102&#8221;User imported successfully. ID:102
04-22-2021 @ 04:12:29 - > Finished importing user 102
04-22-2021 @ 04:12:29 - Row :89 - User imported successfully.
04-22-2021 @ 04:12:29 - Row :90 - Parsing item.
04-22-2021 @ 04:12:29 - Row :90 - Processing item.
04-22-2021 @ 04:12:29 - Processing users.
04-22-2021 @ 04:12:29 - > &#8220;103&#8221;User imported successfully. ID:103
04-22-2021 @ 04:12:29 - > Finished importing user 103
04-22-2021 @ 04:12:29 - Row :90 - User imported successfully.
04-22-2021 @ 04:12:29 - Row :91 - Parsing item.
04-22-2021 @ 04:12:29 - Row :91 - Processing item.
04-22-2021 @ 04:12:29 - Processing users.
04-22-2021 @ 04:12:30 - > &#8220;104&#8221;User imported successfully. ID:104
04-22-2021 @ 04:12:30 - > Finished importing user 104
04-22-2021 @ 04:12:30 - Row :91 - User imported successfully.
04-22-2021 @ 04:12:30 - Row :92 - Parsing item.
04-22-2021 @ 04:12:30 - Row :92 - Processing item.
04-22-2021 @ 04:12:30 - Processing users.
04-22-2021 @ 04:12:30 - > &#8220;105&#8221;User imported successfully. ID:105
04-22-2021 @ 04:12:30 - > Finished importing user 105
04-22-2021 @ 04:12:30 - Row :92 - User imported successfully.
04-22-2021 @ 04:12:30 - Row :93 - Parsing item.
04-22-2021 @ 04:12:30 - Row :93 - Processing item.
04-22-2021 @ 04:12:30 - Processing users.
04-22-2021 @ 04:12:30 - > &#8220;106&#8221;User imported successfully. ID:106
04-22-2021 @ 04:12:30 - > Finished importing user 106
04-22-2021 @ 04:12:30 - Row :93 - User imported successfully.
04-22-2021 @ 04:12:30 - Row :94 - Parsing item.
04-22-2021 @ 04:12:30 - Row :94 - Processing item.
04-22-2021 @ 04:12:30 - Processing users.
04-22-2021 @ 04:12:30 - > &#8220;107&#8221;User imported successfully. ID:107
04-22-2021 @ 04:12:30 - > Finished importing user 107
04-22-2021 @ 04:12:30 - Row :94 - User imported successfully.
04-22-2021 @ 04:12:30 - Row :95 - Parsing item.
04-22-2021 @ 04:12:30 - Row :95 - Processing item.
04-22-2021 @ 04:12:30 - Processing users.
04-22-2021 @ 04:12:30 - > &#8220;108&#8221;User imported successfully. ID:108
04-22-2021 @ 04:12:30 - > Finished importing user 108
04-22-2021 @ 04:12:30 - Row :95 - User imported successfully.
04-22-2021 @ 04:12:30 - Row :96 - Parsing item.
04-22-2021 @ 04:12:30 - Row :96 - Processing item.
04-22-2021 @ 04:12:30 - Processing users.
04-22-2021 @ 04:12:30 - > &#8220;109&#8221;User imported successfully. ID:109
04-22-2021 @ 04:12:30 - > Finished importing user 109
04-22-2021 @ 04:12:30 - Row :96 - User imported successfully.
04-22-2021 @ 04:12:30 - Row :97 - Parsing item.
04-22-2021 @ 04:12:30 - Row :97 - Processing item.
04-22-2021 @ 04:12:30 - Processing users.
04-22-2021 @ 04:12:31 - > &#8220;110&#8221;User imported successfully. ID:110
04-22-2021 @ 04:12:31 - > Finished importing user 110
04-22-2021 @ 04:12:31 - Row :97 - User imported successfully.
04-22-2021 @ 04:12:31 - Row :98 - Parsing item.
04-22-2021 @ 04:12:31 - Row :98 - Processing item.
04-22-2021 @ 04:12:31 - Processing users.
04-22-2021 @ 04:12:31 - > &#8220;111&#8221;User imported successfully. ID:111
04-22-2021 @ 04:12:31 - > Finished importing user 111
04-22-2021 @ 04:12:31 - Row :98 - User imported successfully.
04-22-2021 @ 04:12:31 - Row :99 - Parsing item.
04-22-2021 @ 04:12:31 - Row :99 - Processing item.
04-22-2021 @ 04:12:31 - Processing users.
04-22-2021 @ 04:12:31 - > &#8220;112&#8221;User imported successfully. ID:112
04-22-2021 @ 04:12:31 - > Finished importing user 112
04-22-2021 @ 04:12:31 - Row :99 - User imported successfully.
04-22-2021 @ 04:12:31 - Row :100 - Parsing item.
04-22-2021 @ 04:12:31 - Row :100 - Processing item.
04-22-2021 @ 04:12:31 - Processing users.
04-22-2021 @ 04:12:31 - > &#8220;113&#8221;User imported successfully. ID:113
04-22-2021 @ 04:12:31 - > Finished importing user 113
04-22-2021 @ 04:12:31 - Row :100 - User imported successfully.
04-22-2021 @ 04:12:31 - Row :101 - Parsing item.
04-22-2021 @ 04:12:31 - Row :101 - Processing item.
04-22-2021 @ 04:12:31 - Processing users.
04-22-2021 @ 04:12:31 - > &#8220;114&#8221;User imported successfully. ID:114
04-22-2021 @ 04:12:31 - > Finished importing user 114
04-22-2021 @ 04:12:31 - Row :101 - User imported successfully.
04-22-2021 @ 04:12:31 - Row :102 - Parsing item.
04-22-2021 @ 04:12:31 - Row :102 - Processing item.
04-22-2021 @ 04:12:31 - Processing users.
04-22-2021 @ 04:12:32 - > &#8220;115&#8221;User imported successfully. ID:115
04-22-2021 @ 04:12:32 - > Finished importing user 115
04-22-2021 @ 04:12:32 - Row :102 - User imported successfully.
04-22-2021 @ 04:12:32 - Row :103 - Parsing item.
04-22-2021 @ 04:12:32 - Row :103 - Processing item.
04-22-2021 @ 04:12:32 - Processing users.
04-22-2021 @ 04:12:32 - > &#8220;116&#8221;User imported successfully. ID:116
04-22-2021 @ 04:12:32 - > Finished importing user 116
04-22-2021 @ 04:12:32 - Row :103 - User imported successfully.
04-22-2021 @ 04:12:32 - Row :104 - Parsing item.
04-22-2021 @ 04:12:32 - Row :104 - Processing item.
04-22-2021 @ 04:12:32 - Processing users.
04-22-2021 @ 04:12:32 - > &#8220;117&#8221;User imported successfully. ID:117
04-22-2021 @ 04:12:32 - > Finished importing user 117
04-22-2021 @ 04:12:32 - Row :104 - User imported successfully.
04-22-2021 @ 04:12:32 - Row :105 - Parsing item.
04-22-2021 @ 04:12:32 - Row :105 - Processing item.
04-22-2021 @ 04:12:32 - Processing users.
04-22-2021 @ 04:12:32 - > &#8220;118&#8221;User imported successfully. ID:118
04-22-2021 @ 04:12:32 - > Finished importing user 118
04-22-2021 @ 04:12:32 - Row :105 - User imported successfully.
04-22-2021 @ 04:12:32 - Row :106 - Parsing item.
04-22-2021 @ 04:12:32 - Row :106 - Processing item.
04-22-2021 @ 04:12:32 - Processing users.
04-22-2021 @ 04:12:33 - > &#8220;119&#8221;User imported successfully. ID:119
04-22-2021 @ 04:12:33 - > Finished importing user 119
04-22-2021 @ 04:12:33 - Row :106 - User imported successfully.
04-22-2021 @ 04:12:33 - Row :107 - Parsing item.
04-22-2021 @ 04:12:33 - Row :107 - Processing item.
04-22-2021 @ 04:12:33 - Processing users.
04-22-2021 @ 04:12:33 - > &#8220;120&#8221;User imported successfully. ID:120
04-22-2021 @ 04:12:33 - > Finished importing user 120
04-22-2021 @ 04:12:33 - Row :107 - User imported successfully.
04-22-2021 @ 04:12:33 - Row :108 - Parsing item.
04-22-2021 @ 04:12:33 - Row :108 - Processing item.
04-22-2021 @ 04:12:33 - Processing users.
04-22-2021 @ 04:12:33 - > &#8220;121&#8221;User imported successfully. ID:121
04-22-2021 @ 04:12:33 - > Finished importing user 121
04-22-2021 @ 04:12:33 - Row :108 - User imported successfully.
04-22-2021 @ 04:12:33 - Row :109 - Parsing item.
04-22-2021 @ 04:12:33 - Row :109 - Processing item.
04-22-2021 @ 04:12:33 - Processing users.
04-22-2021 @ 04:12:33 - > &#8220;122&#8221;User imported successfully. ID:122
04-22-2021 @ 04:12:33 - > Finished importing user 122
04-22-2021 @ 04:12:33 - Row :109 - User imported successfully.
04-22-2021 @ 04:12:33 - Row :110 - Parsing item.
04-22-2021 @ 04:12:33 - Row :110 - Processing item.
04-22-2021 @ 04:12:33 - Processing users.
04-22-2021 @ 04:12:33 - > &#8220;123&#8221;User imported successfully. ID:123
04-22-2021 @ 04:12:33 - > Finished importing user 123
04-22-2021 @ 04:12:33 - Row :110 - User imported successfully.
04-22-2021 @ 04:12:33 - Row :111 - Parsing item.
04-22-2021 @ 04:12:33 - Row :111 - Processing item.
04-22-2021 @ 04:12:33 - Processing users.
04-22-2021 @ 04:12:33 - > &#8220;124&#8221;User imported successfully. ID:124
04-22-2021 @ 04:12:33 - > Finished importing user 124
04-22-2021 @ 04:12:33 - Row :111 - User imported successfully.
04-22-2021 @ 04:12:33 - Row :112 - Parsing item.
04-22-2021 @ 04:12:33 - Row :112 - Processing item.
04-22-2021 @ 04:12:33 - Processing users.
04-22-2021 @ 04:12:34 - > &#8220;125&#8221;User imported successfully. ID:125
04-22-2021 @ 04:12:34 - > Finished importing user 125
04-22-2021 @ 04:12:34 - Row :112 - User imported successfully.
04-22-2021 @ 04:12:34 - Row :113 - Parsing item.
04-22-2021 @ 04:12:34 - Row :113 - Processing item.
04-22-2021 @ 04:12:34 - Processing users.
04-22-2021 @ 04:12:34 - > &#8220;126&#8221;User imported successfully. ID:126
04-22-2021 @ 04:12:34 - > Finished importing user 126
04-22-2021 @ 04:12:34 - Row :113 - User imported successfully.
04-22-2021 @ 04:12:34 - Row :114 - Parsing item.
04-22-2021 @ 04:12:34 - Row :114 - Processing item.
04-22-2021 @ 04:12:34 - Processing users.
04-22-2021 @ 04:12:34 - > &#8220;127&#8221;User imported successfully. ID:127
04-22-2021 @ 04:12:34 - > Finished importing user 127
04-22-2021 @ 04:12:34 - Row :114 - User imported successfully.
04-22-2021 @ 04:12:34 - Row :115 - Parsing item.
04-22-2021 @ 04:12:34 - Row :115 - Processing item.
04-22-2021 @ 04:12:34 - Processing users.
04-22-2021 @ 04:12:34 - > &#8220;128&#8221;User imported successfully. ID:128
04-22-2021 @ 04:12:34 - > Finished importing user 128
04-22-2021 @ 04:12:34 - Row :115 - User imported successfully.
04-22-2021 @ 04:12:34 - Row :116 - Parsing item.
04-22-2021 @ 04:12:34 - Row :116 - Processing item.
04-22-2021 @ 04:12:34 - Processing users.
04-22-2021 @ 04:12:35 - > &#8220;129&#8221;User imported successfully. ID:129
04-22-2021 @ 04:12:35 - > Finished importing user 129
04-22-2021 @ 04:12:35 - Row :116 - User imported successfully.
04-22-2021 @ 04:12:35 - Row :117 - Parsing item.
04-22-2021 @ 04:12:35 - Row :117 - Processing item.
04-22-2021 @ 04:12:35 - Processing users.
04-22-2021 @ 04:12:35 - > &#8220;130&#8221;User imported successfully. ID:130
04-22-2021 @ 04:12:35 - > Finished importing user 130
04-22-2021 @ 04:12:35 - Row :117 - User imported successfully.
04-22-2021 @ 04:12:35 - Row :118 - Parsing item.
04-22-2021 @ 04:12:35 - Row :118 - Processing item.
04-22-2021 @ 04:12:35 - Processing users.
04-22-2021 @ 04:12:35 - > &#8220;131&#8221;User imported successfully. ID:131
04-22-2021 @ 04:12:35 - > Finished importing user 131
04-22-2021 @ 04:12:35 - Row :118 - User imported successfully.
04-22-2021 @ 04:12:35 - Row :119 - Parsing item.
04-22-2021 @ 04:12:35 - Row :119 - Processing item.
04-22-2021 @ 04:12:35 - Processing users.
04-22-2021 @ 04:12:35 - > &#8220;132&#8221;User imported successfully. ID:132
04-22-2021 @ 04:12:35 - > Finished importing user 132
04-22-2021 @ 04:12:35 - Row :119 - User imported successfully.
04-22-2021 @ 04:12:35 - Row :120 - Parsing item.
04-22-2021 @ 04:12:35 - Row :120 - Processing item.
04-22-2021 @ 04:12:35 - Processing users.
04-22-2021 @ 04:12:35 - > &#8220;133&#8221;User imported successfully. ID:133
04-22-2021 @ 04:12:35 - > Finished importing user 133
04-22-2021 @ 04:12:35 - Row :120 - User imported successfully.
04-22-2021 @ 04:12:35 - Row :121 - Parsing item.
04-22-2021 @ 04:12:35 - Row :121 - Processing item.
04-22-2021 @ 04:12:35 - Processing users.
04-22-2021 @ 04:12:36 - > &#8220;134&#8221;User imported successfully. ID:134
04-22-2021 @ 04:12:36 - > Finished importing user 134
04-22-2021 @ 04:12:36 - Row :121 - User imported successfully.
04-22-2021 @ 04:12:36 - Row :122 - Parsing item.
04-22-2021 @ 04:12:36 - Row :122 - Processing item.
04-22-2021 @ 04:12:36 - Processing users.
04-22-2021 @ 04:12:36 - > &#8220;135&#8221;User imported successfully. ID:135
04-22-2021 @ 04:12:36 - > Finished importing user 135
04-22-2021 @ 04:12:36 - Row :122 - User imported successfully.
04-22-2021 @ 04:12:36 - Row :123 - Parsing item.
04-22-2021 @ 04:12:36 - Row :123 - Processing item.
04-22-2021 @ 04:12:36 - Processing users.
04-22-2021 @ 04:12:36 - > &#8220;136&#8221;User imported successfully. ID:136
04-22-2021 @ 04:12:36 - > Finished importing user 136
04-22-2021 @ 04:12:36 - Row :123 - User imported successfully.
04-22-2021 @ 04:12:36 - Row :124 - Parsing item.
04-22-2021 @ 04:12:36 - Row :124 - Processing item.
04-22-2021 @ 04:12:36 - Processing users.
04-22-2021 @ 04:12:36 - > &#8220;137&#8221;User imported successfully. ID:137
04-22-2021 @ 04:12:36 - > Finished importing user 137
04-22-2021 @ 04:12:36 - Row :124 - User imported successfully.
04-22-2021 @ 04:12:36 - Row :125 - Parsing item.
04-22-2021 @ 04:12:36 - Row :125 - Processing item.
04-22-2021 @ 04:12:36 - Processing users.
04-22-2021 @ 04:12:36 - > &#8220;138&#8221;User imported successfully. ID:138
04-22-2021 @ 04:12:36 - > Finished importing user 138
04-22-2021 @ 04:12:36 - Row :125 - User imported successfully.
04-22-2021 @ 04:12:36 - Row :126 - Parsing item.
04-22-2021 @ 04:12:36 - Row :126 - Processing item.
04-22-2021 @ 04:12:36 - Processing users.
04-22-2021 @ 04:12:37 - > &#8220;139&#8221;User imported successfully. ID:139
04-22-2021 @ 04:12:37 - > Finished importing user 139
04-22-2021 @ 04:12:37 - Row :126 - User imported successfully.
04-22-2021 @ 04:12:37 - Row :127 - Parsing item.
04-22-2021 @ 04:12:37 - Row :127 - Processing item.
04-22-2021 @ 04:12:37 - Processing users.
04-22-2021 @ 04:12:37 - > &#8220;140&#8221;User imported successfully. ID:140
04-22-2021 @ 04:12:37 - > Finished importing user 140
04-22-2021 @ 04:12:37 - Row :127 - User imported successfully.
04-22-2021 @ 04:12:37 - Row :128 - Parsing item.
04-22-2021 @ 04:12:37 - Row :128 - Processing item.
04-22-2021 @ 04:12:37 - Processing users.
04-22-2021 @ 04:12:37 - > &#8220;141&#8221;User imported successfully. ID:141
04-22-2021 @ 04:12:37 - > Finished importing user 141
04-22-2021 @ 04:12:37 - Row :128 - User imported successfully.
04-22-2021 @ 04:12:37 - Row :129 - Parsing item.
04-22-2021 @ 04:12:37 - Row :129 - Processing item.
04-22-2021 @ 04:12:37 - Processing users.
04-22-2021 @ 04:12:37 - > &#8220;142&#8221;User imported successfully. ID:142
04-22-2021 @ 04:12:37 - > Finished importing user 142
04-22-2021 @ 04:12:37 - Row :129 - User imported successfully.
04-22-2021 @ 04:12:37 - Row :130 - Parsing item.
04-22-2021 @ 04:12:37 - Row :130 - Processing item.
04-22-2021 @ 04:12:37 - Processing users.
04-22-2021 @ 04:12:37 - > &#8220;143&#8221;User imported successfully. ID:143
04-22-2021 @ 04:12:37 - > Finished importing user 143
04-22-2021 @ 04:12:37 - Row :130 - User imported successfully.
04-22-2021 @ 04:12:37 - Row :131 - Parsing item.
04-22-2021 @ 04:12:37 - Row :131 - Processing item.
04-22-2021 @ 04:12:37 - Processing users.
04-22-2021 @ 04:12:38 - > &#8220;144&#8221;User imported successfully. ID:144
04-22-2021 @ 04:12:38 - > Finished importing user 144
04-22-2021 @ 04:12:38 - Row :131 - User imported successfully.
04-22-2021 @ 04:12:38 - Row :132 - Parsing item.
04-22-2021 @ 04:12:38 - Row :132 - Processing item.
04-22-2021 @ 04:12:38 - Processing users.
04-22-2021 @ 04:12:38 - > &#8220;145&#8221;User imported successfully. ID:145
04-22-2021 @ 04:12:38 - > Finished importing user 145
04-22-2021 @ 04:12:38 - Row :132 - User imported successfully.
04-22-2021 @ 04:12:38 - Row :133 - Parsing item.
04-22-2021 @ 04:12:38 - Row :133 - Processing item.
04-22-2021 @ 04:12:38 - Processing users.
04-22-2021 @ 04:12:38 - > &#8220;146&#8221;User imported successfully. ID:146
04-22-2021 @ 04:12:38 - > Finished importing user 146
04-22-2021 @ 04:12:38 - Row :133 - User imported successfully.
04-22-2021 @ 04:12:38 - Row :134 - Parsing item.
04-22-2021 @ 04:12:38 - Row :134 - Processing item.
04-22-2021 @ 04:12:38 - Processing users.
04-22-2021 @ 04:12:38 - > &#8220;147&#8221;User imported successfully. ID:147
04-22-2021 @ 04:12:38 - > Finished importing user 147
04-22-2021 @ 04:12:38 - Row :134 - User imported successfully.
04-22-2021 @ 04:12:38 - Row :135 - Parsing item.
04-22-2021 @ 04:12:38 - Row :135 - Processing item.
04-22-2021 @ 04:12:38 - Processing users.
04-22-2021 @ 04:12:38 - > &#8220;148&#8221;User imported successfully. ID:148
04-22-2021 @ 04:12:38 - > Finished importing user 148
04-22-2021 @ 04:12:38 - Row :135 - User imported successfully.
04-22-2021 @ 04:12:38 - Row :136 - Parsing item.
04-22-2021 @ 04:12:38 - Row :136 - Processing item.
04-22-2021 @ 04:12:38 - Processing users.
04-22-2021 @ 04:12:39 - > &#8220;149&#8221;User imported successfully. ID:149
04-22-2021 @ 04:12:39 - > Finished importing user 149
04-22-2021 @ 04:12:39 - Row :136 - User imported successfully.
04-22-2021 @ 04:12:39 - Row :137 - Parsing item.
04-22-2021 @ 04:12:39 - Row :137 - Processing item.
04-22-2021 @ 04:12:39 - Processing users.
04-22-2021 @ 04:12:39 - > &#8220;150&#8221;User imported successfully. ID:150
04-22-2021 @ 04:12:39 - > Finished importing user 150
04-22-2021 @ 04:12:39 - Row :137 - User imported successfully.
04-22-2021 @ 04:12:39 - Row :138 - Parsing item.
04-22-2021 @ 04:12:39 - Row :138 - Processing item.
04-22-2021 @ 04:12:39 - Processing users.
04-22-2021 @ 04:12:39 - > &#8220;151&#8221;User imported successfully. ID:151
04-22-2021 @ 04:12:39 - > Finished importing user 151
04-22-2021 @ 04:12:39 - Row :138 - User imported successfully.
04-22-2021 @ 04:12:39 - Row :139 - Parsing item.
04-22-2021 @ 04:12:39 - Row :139 - Processing item.
04-22-2021 @ 04:12:39 - Processing users.
04-22-2021 @ 04:12:39 - > &#8220;152&#8221;User imported successfully. ID:152
04-22-2021 @ 04:12:39 - > Finished importing user 152
04-22-2021 @ 04:12:39 - Row :139 - User imported successfully.
04-22-2021 @ 04:12:39 - Row :140 - Parsing item.
04-22-2021 @ 04:12:39 - Row :140 - Processing item.
04-22-2021 @ 04:12:39 - Processing users.
04-22-2021 @ 04:12:39 - > &#8220;153&#8221;User imported successfully. ID:153
04-22-2021 @ 04:12:39 - > Finished importing user 153
04-22-2021 @ 04:12:39 - Row :140 - User imported successfully.
04-22-2021 @ 04:12:39 - Row :141 - Parsing item.
04-22-2021 @ 04:12:39 - Row :141 - Processing item.
04-22-2021 @ 04:12:39 - Processing users.
04-22-2021 @ 04:12:40 - > &#8220;154&#8221;User imported successfully. ID:154
04-22-2021 @ 04:12:40 - > Finished importing user 154
04-22-2021 @ 04:12:40 - Row :141 - User imported successfully.
04-22-2021 @ 04:12:40 - Row :142 - Parsing item.
04-22-2021 @ 04:12:40 - Row :142 - Processing item.
04-22-2021 @ 04:12:40 - Processing users.
04-22-2021 @ 04:12:40 - > &#8220;155&#8221;User imported successfully. ID:155
04-22-2021 @ 04:12:40 - > Finished importing user 155
04-22-2021 @ 04:12:40 - Row :142 - User imported successfully.
04-22-2021 @ 04:12:40 - ---[ Import ended at 2021-04-22 04:12:40]---
