04-22-2021 @ 04:56:49 - ---[ New import started at 2021-04-22 04:56:49 ] PHP Memory: 512 MB, WP Memory: 40 MB
04-22-2021 @ 04:56:49 - Preparing for import.
04-22-2021 @ 04:56:49 - Row :1 - Parsing item.
04-22-2021 @ 04:56:49 - Row :1 - Processing item.
04-22-2021 @ 04:56:49 - Processing users.
04-22-2021 @ 04:56:49 - > &#8220;156&#8221;User imported successfully. ID:156
04-22-2021 @ 04:56:49 - > Finished importing user 156
04-22-2021 @ 04:56:49 - Row :1 - User imported successfully.
04-22-2021 @ 04:56:49 - Row :2 - Parsing item.
04-22-2021 @ 04:56:49 - Row :2 - Processing item.
04-22-2021 @ 04:56:49 - Processing users.
04-22-2021 @ 04:56:49 - > &#8220;157&#8221;User imported successfully. ID:157
04-22-2021 @ 04:56:49 - > Finished importing user 157
04-22-2021 @ 04:56:49 - Row :2 - User imported successfully.
04-22-2021 @ 04:56:49 - Row :3 - Parsing item.
04-22-2021 @ 04:56:49 - Row :3 - Processing item.
04-22-2021 @ 04:56:49 - Processing users.
04-22-2021 @ 04:56:50 - > &#8220;158&#8221;User imported successfully. ID:158
04-22-2021 @ 04:56:50 - > Finished importing user 158
04-22-2021 @ 04:56:50 - Row :3 - User imported successfully.
04-22-2021 @ 04:56:50 - Row :4 - Parsing item.
04-22-2021 @ 04:56:50 - Row :4 - Processing item.
04-22-2021 @ 04:56:50 - Processing users.
04-22-2021 @ 04:56:50 - > &#8220;159&#8221;User imported successfully. ID:159
04-22-2021 @ 04:56:50 - > Finished importing user 159
04-22-2021 @ 04:56:50 - Row :4 - User imported successfully.
04-22-2021 @ 04:56:50 - Row :5 - Parsing item.
04-22-2021 @ 04:56:50 - Row :5 - Processing item.
04-22-2021 @ 04:56:50 - Processing users.
04-22-2021 @ 04:56:50 - > &#8220;160&#8221;User imported successfully. ID:160
04-22-2021 @ 04:56:50 - > Finished importing user 160
04-22-2021 @ 04:56:50 - Row :5 - User imported successfully.
04-22-2021 @ 04:56:50 - Row :6 - Parsing item.
04-22-2021 @ 04:56:50 - Row :6 - Processing item.
04-22-2021 @ 04:56:50 - Processing users.
04-22-2021 @ 04:56:50 - > &#8220;161&#8221;User imported successfully. ID:161
04-22-2021 @ 04:56:50 - > Finished importing user 161
04-22-2021 @ 04:56:50 - Row :6 - User imported successfully.
04-22-2021 @ 04:56:50 - Row :7 - Parsing item.
04-22-2021 @ 04:56:50 - Row :7 - Processing item.
04-22-2021 @ 04:56:50 - Processing users.
04-22-2021 @ 04:56:50 - > &#8220;162&#8221;User imported successfully. ID:162
04-22-2021 @ 04:56:50 - > Finished importing user 162
04-22-2021 @ 04:56:50 - Row :7 - User imported successfully.
04-22-2021 @ 04:56:50 - Row :8 - Parsing item.
04-22-2021 @ 04:56:50 - Row :8 - Processing item.
04-22-2021 @ 04:56:50 - Processing users.
04-22-2021 @ 04:56:51 - > &#8220;163&#8221;User imported successfully. ID:163
04-22-2021 @ 04:56:51 - > Finished importing user 163
04-22-2021 @ 04:56:51 - Row :8 - User imported successfully.
04-22-2021 @ 04:56:51 - Row :9 - Parsing item.
04-22-2021 @ 04:56:51 - Row :9 - Processing item.
04-22-2021 @ 04:56:51 - Processing users.
04-22-2021 @ 04:56:51 - > &#8220;164&#8221;User imported successfully. ID:164
04-22-2021 @ 04:56:51 - > Finished importing user 164
04-22-2021 @ 04:56:51 - Row :9 - User imported successfully.
04-22-2021 @ 04:56:51 - Row :10 - Parsing item.
04-22-2021 @ 04:56:51 - Row :10 - Processing item.
04-22-2021 @ 04:56:51 - Processing users.
04-22-2021 @ 04:56:51 - > &#8220;165&#8221;User imported successfully. ID:165
04-22-2021 @ 04:56:51 - > Finished importing user 165
04-22-2021 @ 04:56:51 - Row :10 - User imported successfully.
04-22-2021 @ 04:56:51 - Row :11 - Parsing item.
04-22-2021 @ 04:56:51 - Row :11 - Processing item.
04-22-2021 @ 04:56:51 - Processing users.
04-22-2021 @ 04:56:51 - > &#8220;166&#8221;User imported successfully. ID:166
04-22-2021 @ 04:56:51 - > Finished importing user 166
04-22-2021 @ 04:56:51 - Row :11 - User imported successfully.
04-22-2021 @ 04:56:51 - Row :12 - Parsing item.
04-22-2021 @ 04:56:51 - Row :12 - Processing item.
04-22-2021 @ 04:56:51 - Processing users.
04-22-2021 @ 04:56:52 - > &#8220;167&#8221;User imported successfully. ID:167
04-22-2021 @ 04:56:52 - > Finished importing user 167
04-22-2021 @ 04:56:52 - Row :12 - User imported successfully.
04-22-2021 @ 04:56:52 - Row :13 - Parsing item.
04-22-2021 @ 04:56:52 - Row :13 - Processing item.
04-22-2021 @ 04:56:52 - Processing users.
04-22-2021 @ 04:56:52 - > &#8220;168&#8221;User imported successfully. ID:168
04-22-2021 @ 04:56:52 - > Finished importing user 168
04-22-2021 @ 04:56:52 - Row :13 - User imported successfully.
04-22-2021 @ 04:56:52 - Row :14 - Parsing item.
04-22-2021 @ 04:56:52 - Row :14 - Processing item.
04-22-2021 @ 04:56:52 - Processing users.
04-22-2021 @ 04:56:52 - > &#8220;169&#8221;User imported successfully. ID:169
04-22-2021 @ 04:56:52 - > Finished importing user 169
04-22-2021 @ 04:56:52 - Row :14 - User imported successfully.
04-22-2021 @ 04:56:52 - Row :15 - Parsing item.
04-22-2021 @ 04:56:52 - Row :15 - Processing item.
04-22-2021 @ 04:56:52 - Processing users.
04-22-2021 @ 04:56:52 - > &#8220;170&#8221;User imported successfully. ID:170
04-22-2021 @ 04:56:52 - > Finished importing user 170
04-22-2021 @ 04:56:52 - Row :15 - User imported successfully.
04-22-2021 @ 04:56:52 - Row :16 - Parsing item.
04-22-2021 @ 04:56:52 - Row :16 - Processing item.
04-22-2021 @ 04:56:52 - Processing users.
04-22-2021 @ 04:56:52 - > &#8220;171&#8221;User imported successfully. ID:171
04-22-2021 @ 04:56:52 - > Finished importing user 171
04-22-2021 @ 04:56:52 - Row :16 - User imported successfully.
04-22-2021 @ 04:56:52 - Row :17 - Parsing item.
04-22-2021 @ 04:56:52 - Row :17 - Processing item.
04-22-2021 @ 04:56:52 - Processing users.
04-22-2021 @ 04:56:53 - > &#8220;172&#8221;User imported successfully. ID:172
04-22-2021 @ 04:56:53 - > Finished importing user 172
04-22-2021 @ 04:56:53 - Row :17 - User imported successfully.
04-22-2021 @ 04:56:53 - Row :18 - Parsing item.
04-22-2021 @ 04:56:53 - Row :18 - Processing item.
04-22-2021 @ 04:56:53 - Processing users.
04-22-2021 @ 04:56:53 - > &#8220;173&#8221;User imported successfully. ID:173
04-22-2021 @ 04:56:53 - > Finished importing user 173
04-22-2021 @ 04:56:53 - Row :18 - User imported successfully.
04-22-2021 @ 04:56:53 - Row :19 - Parsing item.
04-22-2021 @ 04:56:53 - Row :19 - Processing item.
04-22-2021 @ 04:56:53 - Processing users.
04-22-2021 @ 04:56:53 - > &#8220;174&#8221;User imported successfully. ID:174
04-22-2021 @ 04:56:53 - > Finished importing user 174
04-22-2021 @ 04:56:53 - Row :19 - User imported successfully.
04-22-2021 @ 04:56:53 - Row :20 - Parsing item.
04-22-2021 @ 04:56:53 - Row :20 - Processing item.
04-22-2021 @ 04:56:53 - Processing users.
04-22-2021 @ 04:56:53 - > &#8220;175&#8221;User imported successfully. ID:175
04-22-2021 @ 04:56:53 - > Finished importing user 175
04-22-2021 @ 04:56:53 - Row :20 - User imported successfully.
04-22-2021 @ 04:56:53 - Row :21 - Parsing item.
04-22-2021 @ 04:56:53 - Row :21 - Processing item.
04-22-2021 @ 04:56:53 - Processing users.
04-22-2021 @ 04:56:53 - > &#8220;176&#8221;User imported successfully. ID:176
04-22-2021 @ 04:56:53 - > Finished importing user 176
04-22-2021 @ 04:56:53 - Row :21 - User imported successfully.
04-22-2021 @ 04:56:53 - Row :22 - Parsing item.
04-22-2021 @ 04:56:53 - Row :22 - Processing item.
04-22-2021 @ 04:56:53 - Processing users.
04-22-2021 @ 04:56:54 - > &#8220;177&#8221;User imported successfully. ID:177
04-22-2021 @ 04:56:54 - > Finished importing user 177
04-22-2021 @ 04:56:54 - Row :22 - User imported successfully.
04-22-2021 @ 04:56:54 - Row :23 - Parsing item.
04-22-2021 @ 04:56:54 - Row :23 - Processing item.
04-22-2021 @ 04:56:54 - Processing users.
04-22-2021 @ 04:56:54 - > &#8220;178&#8221;User imported successfully. ID:178
04-22-2021 @ 04:56:54 - > Finished importing user 178
04-22-2021 @ 04:56:54 - Row :23 - User imported successfully.
04-22-2021 @ 04:56:54 - Row :24 - Parsing item.
04-22-2021 @ 04:56:54 - Row :24 - Processing item.
04-22-2021 @ 04:56:54 - Processing users.
04-22-2021 @ 04:56:54 - > &#8220;179&#8221;User imported successfully. ID:179
04-22-2021 @ 04:56:54 - > Finished importing user 179
04-22-2021 @ 04:56:54 - Row :24 - User imported successfully.
04-22-2021 @ 04:56:54 - Row :25 - Parsing item.
04-22-2021 @ 04:56:54 - Row :25 - Processing item.
04-22-2021 @ 04:56:54 - Processing users.
04-22-2021 @ 04:56:54 - > &#8220;180&#8221;User imported successfully. ID:180
04-22-2021 @ 04:56:54 - > Finished importing user 180
04-22-2021 @ 04:56:54 - Row :25 - User imported successfully.
04-22-2021 @ 04:56:54 - Row :26 - Parsing item.
04-22-2021 @ 04:56:54 - Row :26 - Processing item.
04-22-2021 @ 04:56:54 - Processing users.
04-22-2021 @ 04:56:54 - > &#8220;181&#8221;User imported successfully. ID:181
04-22-2021 @ 04:56:54 - > Finished importing user 181
04-22-2021 @ 04:56:54 - Row :26 - User imported successfully.
04-22-2021 @ 04:56:54 - Row :27 - Parsing item.
04-22-2021 @ 04:56:54 - Row :27 - Processing item.
04-22-2021 @ 04:56:54 - Processing users.
04-22-2021 @ 04:56:55 - > &#8220;182&#8221;User imported successfully. ID:182
04-22-2021 @ 04:56:55 - > Finished importing user 182
04-22-2021 @ 04:56:55 - Row :27 - User imported successfully.
04-22-2021 @ 04:56:55 - Row :28 - Parsing item.
04-22-2021 @ 04:56:55 - Row :28 - Processing item.
04-22-2021 @ 04:56:55 - Processing users.
04-22-2021 @ 04:56:55 - > &#8220;183&#8221;User imported successfully. ID:183
04-22-2021 @ 04:56:55 - > Finished importing user 183
04-22-2021 @ 04:56:55 - Row :28 - User imported successfully.
04-22-2021 @ 04:56:55 - Row :29 - Parsing item.
04-22-2021 @ 04:56:55 - Row :29 - Processing item.
04-22-2021 @ 04:56:55 - Processing users.
04-22-2021 @ 04:56:55 - > &#8220;184&#8221;User imported successfully. ID:184
04-22-2021 @ 04:56:55 - > Finished importing user 184
04-22-2021 @ 04:56:55 - Row :29 - User imported successfully.
04-22-2021 @ 04:56:55 - Row :30 - Parsing item.
04-22-2021 @ 04:56:55 - Row :30 - Processing item.
04-22-2021 @ 04:56:55 - Processing users.
04-22-2021 @ 04:56:55 - > &#8220;185&#8221;User imported successfully. ID:185
04-22-2021 @ 04:56:55 - > Finished importing user 185
04-22-2021 @ 04:56:55 - Row :30 - User imported successfully.
04-22-2021 @ 04:56:55 - Row :31 - Parsing item.
04-22-2021 @ 04:56:55 - Row :31 - Processing item.
04-22-2021 @ 04:56:55 - Processing users.
04-22-2021 @ 04:56:55 - > &#8220;186&#8221;User imported successfully. ID:186
04-22-2021 @ 04:56:55 - > Finished importing user 186
04-22-2021 @ 04:56:55 - Row :31 - User imported successfully.
04-22-2021 @ 04:56:55 - Row :32 - Parsing item.
04-22-2021 @ 04:56:55 - Row :32 - Processing item.
04-22-2021 @ 04:56:55 - Processing users.
04-22-2021 @ 04:56:56 - > &#8220;187&#8221;User imported successfully. ID:187
04-22-2021 @ 04:56:56 - > Finished importing user 187
04-22-2021 @ 04:56:56 - Row :32 - User imported successfully.
04-22-2021 @ 04:56:56 - Row :33 - Parsing item.
04-22-2021 @ 04:56:56 - Row :33 - Processing item.
04-22-2021 @ 04:56:56 - Processing users.
04-22-2021 @ 04:56:56 - > &#8220;188&#8221;User imported successfully. ID:188
04-22-2021 @ 04:56:56 - > Finished importing user 188
04-22-2021 @ 04:56:56 - Row :33 - User imported successfully.
04-22-2021 @ 04:56:56 - Row :34 - Parsing item.
04-22-2021 @ 04:56:56 - Row :34 - Processing item.
04-22-2021 @ 04:56:56 - Processing users.
04-22-2021 @ 04:56:56 - > &#8220;189&#8221;User imported successfully. ID:189
04-22-2021 @ 04:56:56 - > Finished importing user 189
04-22-2021 @ 04:56:56 - Row :34 - User imported successfully.
04-22-2021 @ 04:56:56 - Row :35 - Parsing item.
04-22-2021 @ 04:56:56 - Row :35 - Processing item.
04-22-2021 @ 04:56:56 - Processing users.
04-22-2021 @ 04:56:56 - > &#8220;190&#8221;User imported successfully. ID:190
04-22-2021 @ 04:56:56 - > Finished importing user 190
04-22-2021 @ 04:56:56 - Row :35 - User imported successfully.
04-22-2021 @ 04:56:56 - Row :36 - Parsing item.
04-22-2021 @ 04:56:56 - Row :36 - Processing item.
04-22-2021 @ 04:56:56 - Processing users.
04-22-2021 @ 04:56:57 - > &#8220;191&#8221;User imported successfully. ID:191
04-22-2021 @ 04:56:57 - > Finished importing user 191
04-22-2021 @ 04:56:57 - Row :36 - User imported successfully.
04-22-2021 @ 04:56:57 - Row :37 - Parsing item.
04-22-2021 @ 04:56:57 - Row :37 - Processing item.
04-22-2021 @ 04:56:57 - Processing users.
04-22-2021 @ 04:56:57 - > &#8220;192&#8221;User imported successfully. ID:192
04-22-2021 @ 04:56:57 - > Finished importing user 192
04-22-2021 @ 04:56:57 - Row :37 - User imported successfully.
04-22-2021 @ 04:56:57 - Row :38 - Parsing item.
04-22-2021 @ 04:56:57 - Row :38 - Processing item.
04-22-2021 @ 04:56:57 - Processing users.
04-22-2021 @ 04:56:57 - > &#8220;193&#8221;User imported successfully. ID:193
04-22-2021 @ 04:56:57 - > Finished importing user 193
04-22-2021 @ 04:56:57 - Row :38 - User imported successfully.
04-22-2021 @ 04:56:57 - Row :39 - Parsing item.
04-22-2021 @ 04:56:57 - Row :39 - Processing item.
04-22-2021 @ 04:56:57 - Processing users.
04-22-2021 @ 04:56:57 - > &#8220;194&#8221;User imported successfully. ID:194
04-22-2021 @ 04:56:57 - > Finished importing user 194
04-22-2021 @ 04:56:57 - Row :39 - User imported successfully.
04-22-2021 @ 04:56:57 - Row :40 - Parsing item.
04-22-2021 @ 04:56:57 - Row :40 - Processing item.
04-22-2021 @ 04:56:57 - Processing users.
04-22-2021 @ 04:56:58 - > &#8220;195&#8221;User imported successfully. ID:195
04-22-2021 @ 04:56:58 - > Finished importing user 195
04-22-2021 @ 04:56:58 - Row :40 - User imported successfully.
04-22-2021 @ 04:56:58 - Row :41 - Parsing item.
04-22-2021 @ 04:56:58 - Row :41 - Processing item.
04-22-2021 @ 04:56:58 - Processing users.
04-22-2021 @ 04:56:58 - > &#8220;196&#8221;User imported successfully. ID:196
04-22-2021 @ 04:56:58 - > Finished importing user 196
04-22-2021 @ 04:56:58 - Row :41 - User imported successfully.
04-22-2021 @ 04:56:58 - Row :42 - Parsing item.
04-22-2021 @ 04:56:58 - Row :42 - Processing item.
04-22-2021 @ 04:56:58 - Processing users.
04-22-2021 @ 04:56:58 - > &#8220;197&#8221;User imported successfully. ID:197
04-22-2021 @ 04:56:58 - > Finished importing user 197
04-22-2021 @ 04:56:58 - Row :42 - User imported successfully.
04-22-2021 @ 04:56:58 - Row :43 - Parsing item.
04-22-2021 @ 04:56:58 - Row :43 - Processing item.
04-22-2021 @ 04:56:58 - Processing users.
04-22-2021 @ 04:56:58 - > &#8220;198&#8221;User imported successfully. ID:198
04-22-2021 @ 04:56:58 - > Finished importing user 198
04-22-2021 @ 04:56:58 - Row :43 - User imported successfully.
04-22-2021 @ 04:56:58 - Row :44 - Parsing item.
04-22-2021 @ 04:56:58 - Row :44 - Processing item.
04-22-2021 @ 04:56:58 - Processing users.
04-22-2021 @ 04:56:58 - > &#8220;199&#8221;User imported successfully. ID:199
04-22-2021 @ 04:56:58 - > Finished importing user 199
04-22-2021 @ 04:56:58 - Row :44 - User imported successfully.
04-22-2021 @ 04:56:58 - Row :45 - Parsing item.
04-22-2021 @ 04:56:58 - Row :45 - Processing item.
04-22-2021 @ 04:56:58 - Processing users.
04-22-2021 @ 04:56:59 - > &#8220;200&#8221;User imported successfully. ID:200
04-22-2021 @ 04:56:59 - > Finished importing user 200
04-22-2021 @ 04:56:59 - Row :45 - User imported successfully.
04-22-2021 @ 04:56:59 - Row :46 - Parsing item.
04-22-2021 @ 04:56:59 - Row :46 - Processing item.
04-22-2021 @ 04:56:59 - Processing users.
04-22-2021 @ 04:56:59 - > &#8220;201&#8221;User imported successfully. ID:201
04-22-2021 @ 04:56:59 - > Finished importing user 201
04-22-2021 @ 04:56:59 - Row :46 - User imported successfully.
04-22-2021 @ 04:56:59 - Row :47 - Parsing item.
04-22-2021 @ 04:56:59 - Row :47 - Processing item.
04-22-2021 @ 04:56:59 - Processing users.
04-22-2021 @ 04:56:59 - > &#8220;202&#8221;User imported successfully. ID:202
04-22-2021 @ 04:56:59 - > Finished importing user 202
04-22-2021 @ 04:56:59 - Row :47 - User imported successfully.
04-22-2021 @ 04:56:59 - Row :48 - Parsing item.
04-22-2021 @ 04:56:59 - Row :48 - Processing item.
04-22-2021 @ 04:56:59 - Processing users.
04-22-2021 @ 04:56:59 - > &#8220;203&#8221;User imported successfully. ID:203
04-22-2021 @ 04:56:59 - > Finished importing user 203
04-22-2021 @ 04:56:59 - Row :48 - User imported successfully.
04-22-2021 @ 04:56:59 - Row :49 - Parsing item.
04-22-2021 @ 04:56:59 - Row :49 - Processing item.
04-22-2021 @ 04:56:59 - Processing users.
04-22-2021 @ 04:57:00 - > &#8220;204&#8221;User imported successfully. ID:204
04-22-2021 @ 04:57:00 - > Finished importing user 204
04-22-2021 @ 04:57:00 - Row :49 - User imported successfully.
04-22-2021 @ 04:57:00 - Row :50 - Parsing item.
04-22-2021 @ 04:57:00 - Row :50 - Processing item.
04-22-2021 @ 04:57:00 - Processing users.
04-22-2021 @ 04:57:00 - > &#8220;205&#8221;User imported successfully. ID:205
04-22-2021 @ 04:57:00 - > Finished importing user 205
04-22-2021 @ 04:57:00 - Row :50 - User imported successfully.
04-22-2021 @ 04:57:00 - Row :51 - Parsing item.
04-22-2021 @ 04:57:00 - Row :51 - Processing item.
04-22-2021 @ 04:57:00 - Processing users.
04-22-2021 @ 04:57:00 - > &#8220;206&#8221;User imported successfully. ID:206
04-22-2021 @ 04:57:00 - > Finished importing user 206
04-22-2021 @ 04:57:00 - Row :51 - User imported successfully.
04-22-2021 @ 04:57:00 - Row :52 - Parsing item.
04-22-2021 @ 04:57:00 - Row :52 - Processing item.
04-22-2021 @ 04:57:00 - Processing users.
04-22-2021 @ 04:57:00 - > &#8220;207&#8221;User imported successfully. ID:207
04-22-2021 @ 04:57:00 - > Finished importing user 207
04-22-2021 @ 04:57:00 - Row :52 - User imported successfully.
04-22-2021 @ 04:57:00 - Row :53 - Parsing item.
04-22-2021 @ 04:57:00 - Row :53 - Processing item.
04-22-2021 @ 04:57:00 - Processing users.
04-22-2021 @ 04:57:00 - > &#8220;208&#8221;User imported successfully. ID:208
04-22-2021 @ 04:57:00 - > Finished importing user 208
04-22-2021 @ 04:57:00 - Row :53 - User imported successfully.
04-22-2021 @ 04:57:00 - Row :54 - Parsing item.
04-22-2021 @ 04:57:00 - Row :54 - Processing item.
04-22-2021 @ 04:57:00 - Processing users.
04-22-2021 @ 04:57:01 - > &#8220;209&#8221;User imported successfully. ID:209
04-22-2021 @ 04:57:01 - > Finished importing user 209
04-22-2021 @ 04:57:01 - Row :54 - User imported successfully.
04-22-2021 @ 04:57:01 - Row :55 - Parsing item.
04-22-2021 @ 04:57:01 - Row :55 - Processing item.
04-22-2021 @ 04:57:01 - Processing users.
04-22-2021 @ 04:57:01 - > &#8220;210&#8221;User imported successfully. ID:210
04-22-2021 @ 04:57:01 - > Finished importing user 210
04-22-2021 @ 04:57:01 - Row :55 - User imported successfully.
04-22-2021 @ 04:57:01 - Row :56 - Parsing item.
04-22-2021 @ 04:57:01 - Row :56 - Processing item.
04-22-2021 @ 04:57:01 - Processing users.
04-22-2021 @ 04:57:01 - > &#8220;211&#8221;User imported successfully. ID:211
04-22-2021 @ 04:57:01 - > Finished importing user 211
04-22-2021 @ 04:57:01 - Row :56 - User imported successfully.
04-22-2021 @ 04:57:01 - Row :57 - Parsing item.
04-22-2021 @ 04:57:01 - Row :57 - Processing item.
04-22-2021 @ 04:57:01 - Processing users.
04-22-2021 @ 04:57:01 - > &#8220;212&#8221;User imported successfully. ID:212
04-22-2021 @ 04:57:01 - > Finished importing user 212
04-22-2021 @ 04:57:01 - Row :57 - User imported successfully.
04-22-2021 @ 04:57:01 - Row :58 - Parsing item.
04-22-2021 @ 04:57:01 - Row :58 - Processing item.
04-22-2021 @ 04:57:01 - Processing users.
04-22-2021 @ 04:57:01 - > &#8220;213&#8221;User imported successfully. ID:213
04-22-2021 @ 04:57:01 - > Finished importing user 213
04-22-2021 @ 04:57:01 - Row :58 - User imported successfully.
04-22-2021 @ 04:57:01 - Row :59 - Parsing item.
04-22-2021 @ 04:57:01 - Row :59 - Processing item.
04-22-2021 @ 04:57:01 - Processing users.
04-22-2021 @ 04:57:02 - > &#8220;214&#8221;User imported successfully. ID:214
04-22-2021 @ 04:57:02 - > Finished importing user 214
04-22-2021 @ 04:57:02 - Row :59 - User imported successfully.
04-22-2021 @ 04:57:02 - Row :60 - Parsing item.
04-22-2021 @ 04:57:02 - Row :60 - Processing item.
04-22-2021 @ 04:57:02 - Processing users.
04-22-2021 @ 04:57:02 - > &#8220;215&#8221;User imported successfully. ID:215
04-22-2021 @ 04:57:02 - > Finished importing user 215
04-22-2021 @ 04:57:02 - Row :60 - User imported successfully.
04-22-2021 @ 04:57:02 - Row :61 - Parsing item.
04-22-2021 @ 04:57:02 - Row :61 - Processing item.
04-22-2021 @ 04:57:02 - Processing users.
04-22-2021 @ 04:57:02 - > &#8220;216&#8221;User imported successfully. ID:216
04-22-2021 @ 04:57:02 - > Finished importing user 216
04-22-2021 @ 04:57:02 - Row :61 - User imported successfully.
04-22-2021 @ 04:57:02 - Row :62 - Parsing item.
04-22-2021 @ 04:57:02 - Row :62 - Processing item.
04-22-2021 @ 04:57:02 - Processing users.
04-22-2021 @ 04:57:02 - > &#8220;217&#8221;User imported successfully. ID:217
04-22-2021 @ 04:57:02 - > Finished importing user 217
04-22-2021 @ 04:57:02 - Row :62 - User imported successfully.
04-22-2021 @ 04:57:02 - Row :63 - Parsing item.
04-22-2021 @ 04:57:02 - Row :63 - Processing item.
04-22-2021 @ 04:57:02 - Processing users.
04-22-2021 @ 04:57:03 - > &#8220;218&#8221;User imported successfully. ID:218
04-22-2021 @ 04:57:03 - > Finished importing user 218
04-22-2021 @ 04:57:03 - Row :63 - User imported successfully.
04-22-2021 @ 04:57:03 - Row :64 - Parsing item.
04-22-2021 @ 04:57:03 - Row :64 - Processing item.
04-22-2021 @ 04:57:03 - Processing users.
04-22-2021 @ 04:57:03 - > &#8220;219&#8221;User imported successfully. ID:219
04-22-2021 @ 04:57:03 - > Finished importing user 219
04-22-2021 @ 04:57:03 - Row :64 - User imported successfully.
04-22-2021 @ 04:57:03 - Row :65 - Parsing item.
04-22-2021 @ 04:57:03 - Row :65 - Processing item.
04-22-2021 @ 04:57:03 - Processing users.
04-22-2021 @ 04:57:03 - > &#8220;220&#8221;User imported successfully. ID:220
04-22-2021 @ 04:57:03 - > Finished importing user 220
04-22-2021 @ 04:57:03 - Row :65 - User imported successfully.
04-22-2021 @ 04:57:03 - Row :66 - Parsing item.
04-22-2021 @ 04:57:03 - Row :66 - Processing item.
04-22-2021 @ 04:57:03 - Processing users.
04-22-2021 @ 04:57:03 - > &#8220;221&#8221;User imported successfully. ID:221
04-22-2021 @ 04:57:03 - > Finished importing user 221
04-22-2021 @ 04:57:03 - Row :66 - User imported successfully.
04-22-2021 @ 04:57:03 - Row :67 - Parsing item.
04-22-2021 @ 04:57:03 - Row :67 - Processing item.
04-22-2021 @ 04:57:03 - Processing users.
04-22-2021 @ 04:57:03 - > &#8220;222&#8221;User imported successfully. ID:222
04-22-2021 @ 04:57:03 - > Finished importing user 222
04-22-2021 @ 04:57:03 - Row :67 - User imported successfully.
04-22-2021 @ 04:57:03 - Row :68 - Parsing item.
04-22-2021 @ 04:57:03 - Row :68 - Processing item.
04-22-2021 @ 04:57:03 - Processing users.
04-22-2021 @ 04:57:04 - > &#8220;223&#8221;User imported successfully. ID:223
04-22-2021 @ 04:57:04 - > Finished importing user 223
04-22-2021 @ 04:57:04 - Row :68 - User imported successfully.
04-22-2021 @ 04:57:04 - Row :69 - Parsing item.
04-22-2021 @ 04:57:04 - Row :69 - Processing item.
04-22-2021 @ 04:57:04 - Processing users.
04-22-2021 @ 04:57:04 - > &#8220;224&#8221;User imported successfully. ID:224
04-22-2021 @ 04:57:04 - > Finished importing user 224
04-22-2021 @ 04:57:04 - Row :69 - User imported successfully.
04-22-2021 @ 04:57:04 - Row :70 - Parsing item.
04-22-2021 @ 04:57:04 - Row :70 - Processing item.
04-22-2021 @ 04:57:04 - Processing users.
04-22-2021 @ 04:57:04 - > &#8220;225&#8221;User imported successfully. ID:225
04-22-2021 @ 04:57:04 - > Finished importing user 225
04-22-2021 @ 04:57:04 - Row :70 - User imported successfully.
04-22-2021 @ 04:57:04 - Row :71 - Parsing item.
04-22-2021 @ 04:57:04 - Row :71 - Processing item.
04-22-2021 @ 04:57:04 - Processing users.
04-22-2021 @ 04:57:04 - > &#8220;226&#8221;User imported successfully. ID:226
04-22-2021 @ 04:57:04 - > Finished importing user 226
04-22-2021 @ 04:57:04 - Row :71 - User imported successfully.
04-22-2021 @ 04:57:04 - Row :72 - Parsing item.
04-22-2021 @ 04:57:04 - Row :72 - Processing item.
04-22-2021 @ 04:57:04 - Processing users.
04-22-2021 @ 04:57:04 - > &#8220;227&#8221;User imported successfully. ID:227
04-22-2021 @ 04:57:04 - > Finished importing user 227
04-22-2021 @ 04:57:04 - Row :72 - User imported successfully.
04-22-2021 @ 04:57:04 - Row :73 - Parsing item.
04-22-2021 @ 04:57:04 - Row :73 - Processing item.
04-22-2021 @ 04:57:04 - Processing users.
04-22-2021 @ 04:57:05 - > &#8220;228&#8221;User imported successfully. ID:228
04-22-2021 @ 04:57:05 - > Finished importing user 228
04-22-2021 @ 04:57:05 - Row :73 - User imported successfully.
04-22-2021 @ 04:57:05 - Row :74 - Parsing item.
04-22-2021 @ 04:57:05 - Row :74 - Processing item.
04-22-2021 @ 04:57:05 - Processing users.
04-22-2021 @ 04:57:05 - > &#8220;229&#8221;User imported successfully. ID:229
04-22-2021 @ 04:57:05 - > Finished importing user 229
04-22-2021 @ 04:57:05 - Row :74 - User imported successfully.
04-22-2021 @ 04:57:05 - Row :75 - Parsing item.
04-22-2021 @ 04:57:05 - Row :75 - Processing item.
04-22-2021 @ 04:57:05 - Processing users.
04-22-2021 @ 04:57:05 - > &#8220;230&#8221;User imported successfully. ID:230
04-22-2021 @ 04:57:05 - > Finished importing user 230
04-22-2021 @ 04:57:05 - Row :75 - User imported successfully.
04-22-2021 @ 04:57:05 - Row :76 - Parsing item.
04-22-2021 @ 04:57:05 - Row :76 - Processing item.
04-22-2021 @ 04:57:05 - Processing users.
04-22-2021 @ 04:57:05 - > &#8220;231&#8221;User imported successfully. ID:231
04-22-2021 @ 04:57:05 - > Finished importing user 231
04-22-2021 @ 04:57:05 - Row :76 - User imported successfully.
04-22-2021 @ 04:57:05 - Row :77 - Parsing item.
04-22-2021 @ 04:57:05 - Row :77 - Processing item.
04-22-2021 @ 04:57:05 - Processing users.
04-22-2021 @ 04:57:05 - > &#8220;232&#8221;User imported successfully. ID:232
04-22-2021 @ 04:57:05 - > Finished importing user 232
04-22-2021 @ 04:57:05 - Row :77 - User imported successfully.
04-22-2021 @ 04:57:05 - Row :78 - Parsing item.
04-22-2021 @ 04:57:05 - Row :78 - Processing item.
04-22-2021 @ 04:57:05 - Processing users.
04-22-2021 @ 04:57:06 - > &#8220;233&#8221;User imported successfully. ID:233
04-22-2021 @ 04:57:06 - > Finished importing user 233
04-22-2021 @ 04:57:06 - Row :78 - User imported successfully.
04-22-2021 @ 04:57:06 - Row :79 - Parsing item.
04-22-2021 @ 04:57:06 - Row :79 - Processing item.
04-22-2021 @ 04:57:06 - Processing users.
04-22-2021 @ 04:57:06 - > &#8220;234&#8221;User imported successfully. ID:234
04-22-2021 @ 04:57:06 - > Finished importing user 234
04-22-2021 @ 04:57:06 - Row :79 - User imported successfully.
04-22-2021 @ 04:57:06 - Row :80 - Parsing item.
04-22-2021 @ 04:57:06 - Row :80 - Processing item.
04-22-2021 @ 04:57:06 - Processing users.
04-22-2021 @ 04:57:06 - > &#8220;235&#8221;User imported successfully. ID:235
04-22-2021 @ 04:57:06 - > Finished importing user 235
04-22-2021 @ 04:57:06 - Row :80 - User imported successfully.
04-22-2021 @ 04:57:06 - Row :81 - Parsing item.
04-22-2021 @ 04:57:06 - Row :81 - Processing item.
04-22-2021 @ 04:57:06 - Processing users.
04-22-2021 @ 04:57:06 - > &#8220;236&#8221;User imported successfully. ID:236
04-22-2021 @ 04:57:06 - > Finished importing user 236
04-22-2021 @ 04:57:06 - Row :81 - User imported successfully.
04-22-2021 @ 04:57:06 - Row :82 - Parsing item.
04-22-2021 @ 04:57:06 - Row :82 - Processing item.
04-22-2021 @ 04:57:06 - Processing users.
04-22-2021 @ 04:57:06 - > &#8220;237&#8221;User imported successfully. ID:237
04-22-2021 @ 04:57:06 - > Finished importing user 237
04-22-2021 @ 04:57:06 - Row :82 - User imported successfully.
04-22-2021 @ 04:57:06 - Row :83 - Parsing item.
04-22-2021 @ 04:57:06 - Row :83 - Processing item.
04-22-2021 @ 04:57:06 - Processing users.
04-22-2021 @ 04:57:07 - > &#8220;238&#8221;User imported successfully. ID:238
04-22-2021 @ 04:57:07 - > Finished importing user 238
04-22-2021 @ 04:57:07 - Row :83 - User imported successfully.
04-22-2021 @ 04:57:07 - Row :84 - Parsing item.
04-22-2021 @ 04:57:07 - Row :84 - Processing item.
04-22-2021 @ 04:57:07 - Processing users.
04-22-2021 @ 04:57:07 - > &#8220;239&#8221;User imported successfully. ID:239
04-22-2021 @ 04:57:07 - > Finished importing user 239
04-22-2021 @ 04:57:07 - Row :84 - User imported successfully.
04-22-2021 @ 04:57:07 - Row :85 - Parsing item.
04-22-2021 @ 04:57:07 - Row :85 - Processing item.
04-22-2021 @ 04:57:07 - Processing users.
04-22-2021 @ 04:57:07 - > &#8220;240&#8221;User imported successfully. ID:240
04-22-2021 @ 04:57:07 - > Finished importing user 240
04-22-2021 @ 04:57:07 - Row :85 - User imported successfully.
04-22-2021 @ 04:57:07 - Row :86 - Parsing item.
04-22-2021 @ 04:57:07 - Row :86 - Processing item.
04-22-2021 @ 04:57:07 - Processing users.
04-22-2021 @ 04:57:07 - > &#8220;241&#8221;User imported successfully. ID:241
04-22-2021 @ 04:57:07 - > Finished importing user 241
04-22-2021 @ 04:57:07 - Row :86 - User imported successfully.
04-22-2021 @ 04:57:07 - Row :87 - Parsing item.
04-22-2021 @ 04:57:07 - Row :87 - Processing item.
04-22-2021 @ 04:57:07 - Processing users.
04-22-2021 @ 04:57:07 - > &#8220;242&#8221;User imported successfully. ID:242
04-22-2021 @ 04:57:07 - > Finished importing user 242
04-22-2021 @ 04:57:07 - Row :87 - User imported successfully.
04-22-2021 @ 04:57:07 - Row :88 - Parsing item.
04-22-2021 @ 04:57:07 - Row :88 - Processing item.
04-22-2021 @ 04:57:07 - Processing users.
04-22-2021 @ 04:57:08 - > &#8220;243&#8221;User imported successfully. ID:243
04-22-2021 @ 04:57:08 - > Finished importing user 243
04-22-2021 @ 04:57:08 - Row :88 - User imported successfully.
04-22-2021 @ 04:57:08 - Row :89 - Parsing item.
04-22-2021 @ 04:57:08 - Row :89 - Processing item.
04-22-2021 @ 04:57:08 - Processing users.
04-22-2021 @ 04:57:08 - > &#8220;244&#8221;User imported successfully. ID:244
04-22-2021 @ 04:57:08 - > Finished importing user 244
04-22-2021 @ 04:57:08 - Row :89 - User imported successfully.
04-22-2021 @ 04:57:08 - Row :90 - Parsing item.
04-22-2021 @ 04:57:08 - Row :90 - Processing item.
04-22-2021 @ 04:57:08 - Processing users.
04-22-2021 @ 04:57:08 - > &#8220;245&#8221;User imported successfully. ID:245
04-22-2021 @ 04:57:08 - > Finished importing user 245
04-22-2021 @ 04:57:08 - Row :90 - User imported successfully.
04-22-2021 @ 04:57:08 - Row :91 - Parsing item.
04-22-2021 @ 04:57:08 - Row :91 - Processing item.
04-22-2021 @ 04:57:08 - Processing users.
04-22-2021 @ 04:57:08 - > &#8220;246&#8221;User imported successfully. ID:246
04-22-2021 @ 04:57:08 - > Finished importing user 246
04-22-2021 @ 04:57:08 - Row :91 - User imported successfully.
04-22-2021 @ 04:57:08 - Row :92 - Parsing item.
04-22-2021 @ 04:57:08 - Row :92 - Processing item.
04-22-2021 @ 04:57:08 - Processing users.
04-22-2021 @ 04:57:09 - > &#8220;247&#8221;User imported successfully. ID:247
04-22-2021 @ 04:57:09 - > Finished importing user 247
04-22-2021 @ 04:57:09 - Row :92 - User imported successfully.
04-22-2021 @ 04:57:09 - Row :93 - Parsing item.
04-22-2021 @ 04:57:09 - Row :93 - Processing item.
04-22-2021 @ 04:57:09 - Processing users.
04-22-2021 @ 04:57:09 - > &#8220;248&#8221;User imported successfully. ID:248
04-22-2021 @ 04:57:09 - > Finished importing user 248
04-22-2021 @ 04:57:09 - Row :93 - User imported successfully.
04-22-2021 @ 04:57:09 - Row :94 - Parsing item.
04-22-2021 @ 04:57:09 - Row :94 - Processing item.
04-22-2021 @ 04:57:09 - Processing users.
04-22-2021 @ 04:57:09 - > &#8220;249&#8221;User imported successfully. ID:249
04-22-2021 @ 04:57:09 - > Finished importing user 249
04-22-2021 @ 04:57:09 - Row :94 - User imported successfully.
04-22-2021 @ 04:57:09 - Row :95 - Parsing item.
04-22-2021 @ 04:57:09 - Row :95 - Processing item.
04-22-2021 @ 04:57:09 - Processing users.
04-22-2021 @ 04:57:09 - > &#8220;250&#8221;User imported successfully. ID:250
04-22-2021 @ 04:57:09 - > Finished importing user 250
04-22-2021 @ 04:57:09 - Row :95 - User imported successfully.
04-22-2021 @ 04:57:09 - Row :96 - Parsing item.
04-22-2021 @ 04:57:09 - Row :96 - Processing item.
04-22-2021 @ 04:57:09 - Processing users.
04-22-2021 @ 04:57:09 - > &#8220;251&#8221;User imported successfully. ID:251
04-22-2021 @ 04:57:09 - > Finished importing user 251
04-22-2021 @ 04:57:09 - Row :96 - User imported successfully.
04-22-2021 @ 04:57:09 - Row :97 - Parsing item.
04-22-2021 @ 04:57:09 - Row :97 - Processing item.
04-22-2021 @ 04:57:09 - Processing users.
04-22-2021 @ 04:57:10 - > &#8220;252&#8221;User imported successfully. ID:252
04-22-2021 @ 04:57:10 - > Finished importing user 252
04-22-2021 @ 04:57:10 - Row :97 - User imported successfully.
04-22-2021 @ 04:57:10 - Row :98 - Parsing item.
04-22-2021 @ 04:57:10 - Row :98 - Processing item.
04-22-2021 @ 04:57:10 - Processing users.
04-22-2021 @ 04:57:10 - > &#8220;253&#8221;User imported successfully. ID:253
04-22-2021 @ 04:57:10 - > Finished importing user 253
04-22-2021 @ 04:57:10 - Row :98 - User imported successfully.
04-22-2021 @ 04:57:10 - Row :99 - Parsing item.
04-22-2021 @ 04:57:10 - Row :99 - Processing item.
04-22-2021 @ 04:57:10 - Processing users.
04-22-2021 @ 04:57:10 - > &#8220;254&#8221;User imported successfully. ID:254
04-22-2021 @ 04:57:10 - > Finished importing user 254
04-22-2021 @ 04:57:10 - Row :99 - User imported successfully.
04-22-2021 @ 04:57:10 - Row :100 - Parsing item.
04-22-2021 @ 04:57:10 - Row :100 - Processing item.
04-22-2021 @ 04:57:10 - Processing users.
04-22-2021 @ 04:57:10 - > &#8220;255&#8221;User imported successfully. ID:255
04-22-2021 @ 04:57:10 - > Finished importing user 255
04-22-2021 @ 04:57:10 - Row :100 - User imported successfully.
04-22-2021 @ 04:57:10 - Row :101 - Parsing item.
04-22-2021 @ 04:57:10 - Row :101 - Processing item.
04-22-2021 @ 04:57:10 - Processing users.
04-22-2021 @ 04:57:10 - > &#8220;256&#8221;User imported successfully. ID:256
04-22-2021 @ 04:57:10 - > Finished importing user 256
04-22-2021 @ 04:57:10 - Row :101 - User imported successfully.
04-22-2021 @ 04:57:10 - Row :102 - Parsing item.
04-22-2021 @ 04:57:10 - Row :102 - Processing item.
04-22-2021 @ 04:57:10 - Processing users.
04-22-2021 @ 04:57:11 - > &#8220;257&#8221;User imported successfully. ID:257
04-22-2021 @ 04:57:11 - > Finished importing user 257
04-22-2021 @ 04:57:11 - Row :102 - User imported successfully.
04-22-2021 @ 04:57:11 - Row :103 - Parsing item.
04-22-2021 @ 04:57:11 - Row :103 - Processing item.
04-22-2021 @ 04:57:11 - Processing users.
04-22-2021 @ 04:57:11 - > &#8220;258&#8221;User imported successfully. ID:258
04-22-2021 @ 04:57:11 - > Finished importing user 258
04-22-2021 @ 04:57:11 - Row :103 - User imported successfully.
04-22-2021 @ 04:57:11 - Row :104 - Parsing item.
04-22-2021 @ 04:57:11 - Row :104 - Processing item.
04-22-2021 @ 04:57:11 - Processing users.
04-22-2021 @ 04:57:11 - > &#8220;259&#8221;User imported successfully. ID:259
04-22-2021 @ 04:57:11 - > Finished importing user 259
04-22-2021 @ 04:57:11 - Row :104 - User imported successfully.
04-22-2021 @ 04:57:11 - Row :105 - Parsing item.
04-22-2021 @ 04:57:11 - Row :105 - Processing item.
04-22-2021 @ 04:57:11 - Processing users.
04-22-2021 @ 04:57:11 - > &#8220;260&#8221;User imported successfully. ID:260
04-22-2021 @ 04:57:11 - > Finished importing user 260
04-22-2021 @ 04:57:11 - Row :105 - User imported successfully.
04-22-2021 @ 04:57:11 - Row :106 - Parsing item.
04-22-2021 @ 04:57:11 - Row :106 - Processing item.
04-22-2021 @ 04:57:11 - Processing users.
04-22-2021 @ 04:57:11 - > &#8220;261&#8221;User imported successfully. ID:261
04-22-2021 @ 04:57:11 - > Finished importing user 261
04-22-2021 @ 04:57:11 - Row :106 - User imported successfully.
04-22-2021 @ 04:57:11 - Row :107 - Parsing item.
04-22-2021 @ 04:57:11 - Row :107 - Processing item.
04-22-2021 @ 04:57:11 - Processing users.
04-22-2021 @ 04:57:12 - > &#8220;262&#8221;User imported successfully. ID:262
04-22-2021 @ 04:57:12 - > Finished importing user 262
04-22-2021 @ 04:57:12 - Row :107 - User imported successfully.
04-22-2021 @ 04:57:12 - Row :108 - Parsing item.
04-22-2021 @ 04:57:12 - Row :108 - Processing item.
04-22-2021 @ 04:57:12 - Processing users.
04-22-2021 @ 04:57:12 - > &#8220;263&#8221;User imported successfully. ID:263
04-22-2021 @ 04:57:12 - > Finished importing user 263
04-22-2021 @ 04:57:12 - Row :108 - User imported successfully.
04-22-2021 @ 04:57:12 - Row :109 - Parsing item.
04-22-2021 @ 04:57:12 - Row :109 - Processing item.
04-22-2021 @ 04:57:12 - Processing users.
04-22-2021 @ 04:57:12 - > &#8220;264&#8221;User imported successfully. ID:264
04-22-2021 @ 04:57:12 - > Finished importing user 264
04-22-2021 @ 04:57:12 - Row :109 - User imported successfully.
04-22-2021 @ 04:57:12 - Row :110 - Parsing item.
04-22-2021 @ 04:57:12 - Row :110 - Processing item.
04-22-2021 @ 04:57:12 - Processing users.
04-22-2021 @ 04:57:12 - > &#8220;265&#8221;User imported successfully. ID:265
04-22-2021 @ 04:57:12 - > Finished importing user 265
04-22-2021 @ 04:57:12 - Row :110 - User imported successfully.
04-22-2021 @ 04:57:12 - Row :111 - Parsing item.
04-22-2021 @ 04:57:12 - Row :111 - Processing item.
04-22-2021 @ 04:57:12 - Processing users.
04-22-2021 @ 04:57:13 - > &#8220;266&#8221;User imported successfully. ID:266
04-22-2021 @ 04:57:13 - > Finished importing user 266
04-22-2021 @ 04:57:13 - Row :111 - User imported successfully.
04-22-2021 @ 04:57:13 - Row :112 - Parsing item.
04-22-2021 @ 04:57:13 - Row :112 - Processing item.
04-22-2021 @ 04:57:13 - Processing users.
04-22-2021 @ 04:57:13 - > &#8220;267&#8221;User imported successfully. ID:267
04-22-2021 @ 04:57:13 - > Finished importing user 267
04-22-2021 @ 04:57:13 - Row :112 - User imported successfully.
04-22-2021 @ 04:57:13 - Row :113 - Parsing item.
04-22-2021 @ 04:57:13 - Row :113 - Processing item.
04-22-2021 @ 04:57:13 - Processing users.
04-22-2021 @ 04:57:13 - > &#8220;268&#8221;User imported successfully. ID:268
04-22-2021 @ 04:57:13 - > Finished importing user 268
04-22-2021 @ 04:57:13 - Row :113 - User imported successfully.
04-22-2021 @ 04:57:13 - Row :114 - Parsing item.
04-22-2021 @ 04:57:13 - Row :114 - Processing item.
04-22-2021 @ 04:57:13 - Processing users.
04-22-2021 @ 04:57:13 - > &#8220;269&#8221;User imported successfully. ID:269
04-22-2021 @ 04:57:13 - > Finished importing user 269
04-22-2021 @ 04:57:13 - Row :114 - User imported successfully.
04-22-2021 @ 04:57:13 - Row :115 - Parsing item.
04-22-2021 @ 04:57:13 - Row :115 - Processing item.
04-22-2021 @ 04:57:13 - Processing users.
04-22-2021 @ 04:57:13 - > &#8220;270&#8221;User imported successfully. ID:270
04-22-2021 @ 04:57:13 - > Finished importing user 270
04-22-2021 @ 04:57:13 - Row :115 - User imported successfully.
04-22-2021 @ 04:57:13 - Row :116 - Parsing item.
04-22-2021 @ 04:57:13 - Row :116 - Processing item.
04-22-2021 @ 04:57:13 - Processing users.
04-22-2021 @ 04:57:14 - > &#8220;271&#8221;User imported successfully. ID:271
04-22-2021 @ 04:57:14 - > Finished importing user 271
04-22-2021 @ 04:57:14 - Row :116 - User imported successfully.
04-22-2021 @ 04:57:14 - Row :117 - Parsing item.
04-22-2021 @ 04:57:14 - Row :117 - Processing item.
04-22-2021 @ 04:57:14 - Processing users.
04-22-2021 @ 04:57:14 - > &#8220;272&#8221;User imported successfully. ID:272
04-22-2021 @ 04:57:14 - > Finished importing user 272
04-22-2021 @ 04:57:14 - Row :117 - User imported successfully.
04-22-2021 @ 04:57:14 - Row :118 - Parsing item.
04-22-2021 @ 04:57:14 - Row :118 - Processing item.
04-22-2021 @ 04:57:14 - Processing users.
04-22-2021 @ 04:57:14 - > &#8220;273&#8221;User imported successfully. ID:273
04-22-2021 @ 04:57:14 - > Finished importing user 273
04-22-2021 @ 04:57:14 - Row :118 - User imported successfully.
04-22-2021 @ 04:57:14 - Row :119 - Parsing item.
04-22-2021 @ 04:57:14 - Row :119 - Processing item.
04-22-2021 @ 04:57:14 - Processing users.
04-22-2021 @ 04:57:14 - > &#8220;274&#8221;User imported successfully. ID:274
04-22-2021 @ 04:57:14 - > Finished importing user 274
04-22-2021 @ 04:57:14 - Row :119 - User imported successfully.
04-22-2021 @ 04:57:14 - Row :120 - Parsing item.
04-22-2021 @ 04:57:14 - Row :120 - Processing item.
04-22-2021 @ 04:57:14 - Processing users.
04-22-2021 @ 04:57:15 - > &#8220;275&#8221;User imported successfully. ID:275
04-22-2021 @ 04:57:15 - > Finished importing user 275
04-22-2021 @ 04:57:15 - Row :120 - User imported successfully.
04-22-2021 @ 04:57:15 - Row :121 - Parsing item.
04-22-2021 @ 04:57:15 - Row :121 - Processing item.
04-22-2021 @ 04:57:15 - Processing users.
04-22-2021 @ 04:57:15 - > &#8220;276&#8221;User imported successfully. ID:276
04-22-2021 @ 04:57:15 - > Finished importing user 276
04-22-2021 @ 04:57:15 - Row :121 - User imported successfully.
04-22-2021 @ 04:57:15 - Row :122 - Parsing item.
04-22-2021 @ 04:57:15 - Row :122 - Processing item.
04-22-2021 @ 04:57:15 - Processing users.
04-22-2021 @ 04:57:15 - > &#8220;277&#8221;User imported successfully. ID:277
04-22-2021 @ 04:57:15 - > Finished importing user 277
04-22-2021 @ 04:57:15 - Row :122 - User imported successfully.
04-22-2021 @ 04:57:15 - Row :123 - Parsing item.
04-22-2021 @ 04:57:15 - Row :123 - Processing item.
04-22-2021 @ 04:57:15 - Processing users.
04-22-2021 @ 04:57:15 - > &#8220;278&#8221;User imported successfully. ID:278
04-22-2021 @ 04:57:15 - > Finished importing user 278
04-22-2021 @ 04:57:15 - Row :123 - User imported successfully.
04-22-2021 @ 04:57:15 - Row :124 - Parsing item.
04-22-2021 @ 04:57:15 - Row :124 - Processing item.
04-22-2021 @ 04:57:15 - Processing users.
04-22-2021 @ 04:57:15 - > &#8220;279&#8221;User imported successfully. ID:279
04-22-2021 @ 04:57:15 - > Finished importing user 279
04-22-2021 @ 04:57:15 - Row :124 - User imported successfully.
04-22-2021 @ 04:57:15 - Row :125 - Parsing item.
04-22-2021 @ 04:57:15 - Row :125 - Processing item.
04-22-2021 @ 04:57:15 - Processing users.
04-22-2021 @ 04:57:16 - > &#8220;280&#8221;User imported successfully. ID:280
04-22-2021 @ 04:57:16 - > Finished importing user 280
04-22-2021 @ 04:57:16 - Row :125 - User imported successfully.
04-22-2021 @ 04:57:16 - Row :126 - Parsing item.
04-22-2021 @ 04:57:16 - Row :126 - Processing item.
04-22-2021 @ 04:57:16 - Processing users.
04-22-2021 @ 04:57:16 - > &#8220;281&#8221;User imported successfully. ID:281
04-22-2021 @ 04:57:16 - > Finished importing user 281
04-22-2021 @ 04:57:16 - Row :126 - User imported successfully.
04-22-2021 @ 04:57:16 - Row :127 - Parsing item.
04-22-2021 @ 04:57:16 - Row :127 - Processing item.
04-22-2021 @ 04:57:16 - Processing users.
04-22-2021 @ 04:57:16 - > &#8220;282&#8221;User imported successfully. ID:282
04-22-2021 @ 04:57:16 - > Finished importing user 282
04-22-2021 @ 04:57:16 - Row :127 - User imported successfully.
04-22-2021 @ 04:57:16 - Row :128 - Parsing item.
04-22-2021 @ 04:57:16 - Row :128 - Processing item.
04-22-2021 @ 04:57:16 - Processing users.
04-22-2021 @ 04:57:16 - > &#8220;283&#8221;User imported successfully. ID:283
04-22-2021 @ 04:57:16 - > Finished importing user 283
04-22-2021 @ 04:57:16 - Row :128 - User imported successfully.
04-22-2021 @ 04:57:16 - Row :129 - Parsing item.
04-22-2021 @ 04:57:16 - Row :129 - Processing item.
04-22-2021 @ 04:57:16 - Processing users.
04-22-2021 @ 04:57:16 - > &#8220;284&#8221;User imported successfully. ID:284
04-22-2021 @ 04:57:16 - > Finished importing user 284
04-22-2021 @ 04:57:16 - Row :129 - User imported successfully.
04-22-2021 @ 04:57:16 - Row :130 - Parsing item.
04-22-2021 @ 04:57:16 - Row :130 - Processing item.
04-22-2021 @ 04:57:16 - Processing users.
04-22-2021 @ 04:57:17 - > &#8220;285&#8221;User imported successfully. ID:285
04-22-2021 @ 04:57:17 - > Finished importing user 285
04-22-2021 @ 04:57:17 - Row :130 - User imported successfully.
04-22-2021 @ 04:57:17 - Row :131 - Parsing item.
04-22-2021 @ 04:57:17 - Row :131 - Processing item.
04-22-2021 @ 04:57:17 - Processing users.
04-22-2021 @ 04:57:17 - > &#8220;286&#8221;User imported successfully. ID:286
04-22-2021 @ 04:57:17 - > Finished importing user 286
04-22-2021 @ 04:57:17 - Row :131 - User imported successfully.
04-22-2021 @ 04:57:17 - Row :132 - Parsing item.
04-22-2021 @ 04:57:17 - Row :132 - Processing item.
04-22-2021 @ 04:57:17 - Processing users.
04-22-2021 @ 04:57:17 - > &#8220;287&#8221;User imported successfully. ID:287
04-22-2021 @ 04:57:17 - > Finished importing user 287
04-22-2021 @ 04:57:17 - Row :132 - User imported successfully.
04-22-2021 @ 04:57:17 - Row :133 - Parsing item.
04-22-2021 @ 04:57:17 - Row :133 - Processing item.
04-22-2021 @ 04:57:17 - Processing users.
04-22-2021 @ 04:57:17 - > &#8220;288&#8221;User imported successfully. ID:288
04-22-2021 @ 04:57:17 - > Finished importing user 288
04-22-2021 @ 04:57:17 - Row :133 - User imported successfully.
04-22-2021 @ 04:57:17 - Row :134 - Parsing item.
04-22-2021 @ 04:57:17 - Row :134 - Processing item.
04-22-2021 @ 04:57:17 - Processing users.
04-22-2021 @ 04:57:17 - > &#8220;289&#8221;User imported successfully. ID:289
04-22-2021 @ 04:57:17 - > Finished importing user 289
04-22-2021 @ 04:57:17 - Row :134 - User imported successfully.
04-22-2021 @ 04:57:17 - Row :135 - Parsing item.
04-22-2021 @ 04:57:17 - Row :135 - Processing item.
04-22-2021 @ 04:57:17 - Processing users.
04-22-2021 @ 04:57:18 - > &#8220;290&#8221;User imported successfully. ID:290
04-22-2021 @ 04:57:18 - > Finished importing user 290
04-22-2021 @ 04:57:18 - Row :135 - User imported successfully.
04-22-2021 @ 04:57:18 - Row :136 - Parsing item.
04-22-2021 @ 04:57:18 - Row :136 - Processing item.
04-22-2021 @ 04:57:18 - Processing users.
04-22-2021 @ 04:57:18 - > &#8220;291&#8221;User imported successfully. ID:291
04-22-2021 @ 04:57:18 - > Finished importing user 291
04-22-2021 @ 04:57:18 - Row :136 - User imported successfully.
04-22-2021 @ 04:57:18 - Row :137 - Parsing item.
04-22-2021 @ 04:57:18 - Row :137 - Processing item.
04-22-2021 @ 04:57:18 - Processing users.
04-22-2021 @ 04:57:18 - > &#8220;292&#8221;User imported successfully. ID:292
04-22-2021 @ 04:57:18 - > Finished importing user 292
04-22-2021 @ 04:57:18 - Row :137 - User imported successfully.
04-22-2021 @ 04:57:18 - Row :138 - Parsing item.
04-22-2021 @ 04:57:18 - Row :138 - Processing item.
04-22-2021 @ 04:57:18 - Processing users.
04-22-2021 @ 04:57:18 - > &#8220;293&#8221;User imported successfully. ID:293
04-22-2021 @ 04:57:18 - > Finished importing user 293
04-22-2021 @ 04:57:18 - Row :138 - User imported successfully.
04-22-2021 @ 04:57:18 - Row :139 - Parsing item.
04-22-2021 @ 04:57:18 - Row :139 - Processing item.
04-22-2021 @ 04:57:18 - Processing users.
04-22-2021 @ 04:57:19 - > &#8220;294&#8221;User imported successfully. ID:294
04-22-2021 @ 04:57:19 - > Finished importing user 294
04-22-2021 @ 04:57:19 - Row :139 - User imported successfully.
04-22-2021 @ 04:57:19 - Row :140 - Parsing item.
04-22-2021 @ 04:57:19 - Row :140 - Processing item.
04-22-2021 @ 04:57:19 - Processing users.
04-22-2021 @ 04:57:19 - > &#8220;295&#8221;User imported successfully. ID:295
04-22-2021 @ 04:57:19 - > Finished importing user 295
04-22-2021 @ 04:57:19 - Row :140 - User imported successfully.
04-22-2021 @ 04:57:19 - Row :141 - Parsing item.
04-22-2021 @ 04:57:19 - Row :141 - Processing item.
04-22-2021 @ 04:57:19 - Processing users.
04-22-2021 @ 04:57:19 - > &#8220;296&#8221;User imported successfully. ID:296
04-22-2021 @ 04:57:19 - > Finished importing user 296
04-22-2021 @ 04:57:19 - Row :141 - User imported successfully.
04-22-2021 @ 04:57:19 - Row :142 - Parsing item.
04-22-2021 @ 04:57:19 - Row :142 - Processing item.
04-22-2021 @ 04:57:19 - Processing users.
04-22-2021 @ 04:57:19 - > &#8220;297&#8221;User imported successfully. ID:297
04-22-2021 @ 04:57:19 - > Finished importing user 297
04-22-2021 @ 04:57:19 - Row :142 - User imported successfully.
04-22-2021 @ 04:57:19 - ---[ Import ended at 2021-04-22 04:57:19]---
